#
# A fatal error has been detected by the Java Runtime Environment:
#
#  EXCEPTION_ACCESS_VIOLATION (0xc0000005) at pc=0x00007ffc1ab397a5, pid=19632, tid=17556
#
# JRE version: OpenJDK Runtime Environment (22.0.1+8) (build 22.0.1+8-16)
# Java VM: OpenJDK 64-Bit Server VM (22.0.1+8-16, mixed mode, sharing, tiered, compressed oops, compressed class ptrs, g1 gc, windows-amd64)
# Problematic frame:
# V  [jvm.dll+0x3397a5]
#
# No core dump will be written. Minidumps are not enabled by default on client versions of Windows
#
# If you would like to submit a bug report, please visit:
#   https://bugreport.java.com/bugreport/crash.jsp
#

---------------  S U M M A R Y ------------

Command Line: -javaagent:C:\Program Files\JetBrains\IntelliJ IDEA 2024.1\lib\idea_rt.jar=57380:C:\Program Files\JetBrains\IntelliJ IDEA 2024.1\bin -Dfile.encoding=UTF-8 -Dsun.stdout.encoding=UTF-8 -Dsun.stderr.encoding=UTF-8 --module-path=C:\Users\kayqu\OneDrive\Área de Trabalho\Sistema-Ingressos-JavaFX-main\Sistema-Ingressos-JavaFX-main\target\classes;C:\Users\kayqu\.m2\repository\org\openjfx\javafx-base\21-ea+24\javafx-base-21-ea+24-win.jar;C:\Users\kayqu\.m2\repository\org\openjfx\javafx-fxml\21-ea+24\javafx-fxml-21-ea+24-win.jar;C:\Users\kayqu\.m2\repository\org\openjfx\javafx-controls\21-ea+24\javafx-controls-21-ea+24-win.jar;C:\Users\kayqu\.m2\repository\org\openjfx\javafx-graphics\21-ea+24\javafx-graphics-21-ea+24-win.jar -Djdk.module.main=com.example.sistemaingressos com.example.sistemaingressos/com.example.sistemaingressos.MainApplication

Host: Intel(R) Core(TM) i5-10300H CPU @ 2.50GHz, 8 cores, 7G,  Windows 10 , 64 bit Build 19041 (10.0.19041.4717)
Time: Fri Aug 23 20:55:37 2024 Hora oficial do Brasil elapsed time: 2.315411 seconds (0d 0h 0m 2s)

---------------  T H R E A D  ---------------

Current thread (0x0000021195b06ce0):  WorkerThread "G1 Conc#0"      [id=17556, stack(0x00000072e2600000,0x00000072e2700000) (1024K)]

Stack: [0x00000072e2600000,0x00000072e2700000],  sp=0x00000072e26ffac0,  free space=1022k
Native frames: (J=compiled Java code, j=interpreted, Vv=VM code, C=native code)
V  [jvm.dll+0x3397a5]  (no source info available)
V  [jvm.dll+0x3396ef]  (no source info available)
V  [jvm.dll+0x335fd1]  (no source info available)
V  [jvm.dll+0x337b5c]  (no source info available)
V  [jvm.dll+0x3368c4]  (no source info available)
V  [jvm.dll+0x33a226]  (no source info available)
V  [jvm.dll+0x8a4297]  (no source info available)
V  [jvm.dll+0x81d44b]  (no source info available)
V  [jvm.dll+0x6e0915]  (no source info available)
C  [ucrtbase.dll+0x21bb2]  (no source info available)
C  [KERNEL32.DLL+0x17374]  (no source info available)
C  [ntdll.dll+0x4cc91]  (no source info available)


siginfo: EXCEPTION_ACCESS_VIOLATION (0xc0000005), reading address 0x0000021222632d7a


Registers:
RAX=0x0000021222632d6e, RBX=0x0000000082200108, RCX=0x0000000000000000, RDX=0x0000000000000001
RSP=0x00000072e26ffac0, RBP=0x0000021195af53a0, RSI=0x00000072e26ffbb0, RDI=0x0000021195b08d00
R8 =0x0000000082200108, R9 =0x000000006f632d6e, R10=0x00000211b3000000, R11=0x346dc5d63886594b
R12=0x0000000000000001, R13=0x0000021195b07478, R14=0x0000021195b07001, R15=0x00000072e26ffbb0
RIP=0x00007ffc1ab397a5, EFLAGS=0x0000000000010202


Register to memory mapping:

RAX=0x0000021222632d6e is an unknown value
RBX=0x0000000082200108 is pointing into object: [B 
{0x0000000082200000} - klass: {type array byte}
 - length: 305884
 -   0: 50 P
 -   1: 4b K
 -   2: 1  
 -   3: 2  
 -   4: 14  
 -   5: 3  
 -   6: a  
 -   7: 0  
 -   8: 0  
 -   9: 8  
 -  10: 8  
 -  11: 0  
 -  12: 14  
 -  13: 7e ~
 -  14: ffffffe4  
 -  15: 56 V
 -  16: 0  
 -  17: 0  
 -  18: 0  
 -  19: 0  
 -  20: 2  
 -  21: 0  
 -  22: 0  
 -  23: 0  
 -  24: 0  
 -  25: 0  
 -  26: 0  
 -  27: 0  
 -  28: 9  
 -  29: 0  
 -  30: 0  
 -  31: 0  
 -  32: 0  
 -  33: 0  
 -  34: 0  
 -  35: 0  
 -  36: 0  
 -  37: 0  
 -  38: 10  
 -  39: 0  
 -  40: ffffffed  
 -  41: 41 A
 -  42: 0  
 -  43: 0  
 -  44: 0  
 -  45: 0  
 -  46: 4d M
 -  47: 45 E
 -  48: 54 T
 -  49: 41 A
 -  50: 2d -
 -  51: 49 I
 -  52: 4e N
 -  53: 46 F
 -  54: 2f /
 -  55: 50 P
 -  56: 4b K
 -  57: 1  
 -  58: 2  
 -  59: 14  
 -  60: 3  
 -  61: a  
 -  62: 0  
 -  63: 0  
 -  64: 8  
 -  65: 8  
 -  66: 0  
 -  67: 14  
 -  68: 7e ~
 -  69: ffffffe4  
 -  70: 56 V
 -  71: ffffffb2  
 -  72: 7f  
 -  73: 2  
 -  74: ffffffee  
 -  75: 1b  
 -  76: 0  
 -  77: 0  
 -  78: 0  
 -  79: 19  
 -  80: 0  
 -  81: 0  
 -  82: 0  
 -  83: 14  
 -  84: 0  
 -  85: 0  
 -  86: 0  
 -  87: 0  
 -  88: 0  
 -  89: 0  
 -  90: 0  
 -  91: 0  
 -  92: 0  
 -  93: 0  
 -  94: 0  
 -  95: ffffffa4  
 -  96: ffffff81  
 -  97: 29 )
 -  98: 0  
 -  99: 0  
 - 100: 0  
 - 101: 4d M
 - 102: 45 E
 - 103: 54 T
 - 104: 41 A
 - 105: 2d -
 - 106: 49 I
 - 107: 4e N
 - 108: 46 F
 - 109: 2f /
 - 110: 4d M
 - 111: 41 A
 - 112: 4e N
 - 113: 49 I
 - 114: 46 F
 - 115: 45 E
 - 116: 53 S
 - 117: 54 T
 - 118: 2e .
 - 119: 4d M
 - 120: 46 F
 - 121: 50 P
 - 122: 4b K
 - 123: 1  
 - 124: 2  
 - 125: 14  
 - 126: 3  
 - 127: a  
 - 128: 0  
 - 129: 0  
 - 130: 8  
 - 131: 8  
 - 132: 0  
 - 133: ffffffdb  
 - 134: 78 x
 - 135: ffffffe4  
 - 136: 56 V
 - 137: d  
 - 138: ffffff8a  
 - 139: 1b  
 - 140: ffffffc9  
 - 141: 20  
 - 142: 23 #
 - 143: 0  
 - 144: 0  
 - 145: 28 (
 - 146: 52 R
 - 147: 0  
 - 148: 0  
 - 149: 22 "
 - 150: 0  
 - 151: 0  
 - 152: 0  
 - 153: 0  
 - 154: 0  
 - 155: 0  
 - 156: 0  
 - 157: 0  
 - 158: 0  
 - 159: 0  
 - 160: 0  
 - 161: ffffffa4  
 - 162: ffffff81  
 - 163: 76 v
 - 164: 0  
 - 165: 0  
 - 166: 0  
 - 167: 61 a
 - 168: 70 p
 - 169: 69 i
 - 170: 2d -
 - 171: 6d m
 - 172: 73 s
 - 173: 2d -
 - 174: 77 w
 - 175: 69 i
 - 176: 6e n
 - 177: 2d -
 - 178: 63 c
 - 179: 6f o
 - 180: 72 r
 - 181: 65 e
 - 182: 2d -
 - 183: 63 c
 - 184: 6f o
 - 185: 6e n
 - 186: 73 s
 - 187: 6f o
 - 188: 6c l
 - 189: 65 e
 - 190: 2d -
 - 191: 6c l
 - 192: 31 1
 - 193: 2d -
 - 194: 31 1
 - 195: 2d -
 - 196: 30 0
 - 197: 2e .
 - 198: 64 d
 - 199: 6c l
 - 200: 6c l
 - 201: 50 P
 - 202: 4b K
 - 203: 1  
 - 204: 2  
 - 205: 14  
 - 206: 3  
 - 207: a  
 - 208: 0  
 - 209: 0  
 - 210: 8  
 - 211: 8  
 - 212: 0  
 - 213: ffffffdb  
 - 214: 78 x
 - 215: ffffffe4  
 - 216: 56 V
 - 217: ffffff82  
 - 218: 10  
 - 219: 3  
 - 220: fffffffb  
 - 221: 47 G
 - 222: 23 #
 - 223: 0  
 - 224: 0  
 - 225: 20  
 - 226: 52 R
 - 227: 0  
 - 228: 0  
 - 229: 22 "
 - 230: 0  
 - 231: 0  
 - 232: 0  
 - 233: 0  
 - 234: 0  
 - 235: 0  
 - 236: 0  
 - 237: 0  
 - 238: 0  
 - 239: 0  
 - 240: 0  
 - 241: ffffffa4  
 - 242: ffffff81  
 - 243: ffffffd6  
 - 244: 23 #
 - 245: 0  
 - 246: 0  
 - 247: 61 a
 - 248: 70 p
 - 249: 69 i
 - 250: 2d -
 - 251: 6d m
 - 252: 73 s
 - 253: 2d -
 - 254: 77 w
 - 255: 69 i
 - <305628 more elements, increase MaxElementPrintSize to print>
RCX=0x0 is null
RDX=0x0000000000000001 is an unknown value
RSP=0x00000072e26ffac0 points into unknown readable memory: 0x0000000000000000 | 00 00 00 00 00 00 00 00
RBP=0x0000021195af53a0 points into unknown readable memory: 0x00007ffc1b1f1a88 | 88 1a 1f 1b fc 7f 00 00
RSI=0x00000072e26ffbb0 points into unknown readable memory: 0x0000021195af5390 | 90 53 af 95 11 02 00 00
RDI=0x0000021195b08d00 points into unknown readable memory: 0x00007ffc1b1f0658 | 58 06 1f 1b fc 7f 00 00
R8 =0x0000000082200108 is pointing into object: [B 
{0x0000000082200000} - klass: {type array byte}
 - length: 305884
 -   0: 50 P
 -   1: 4b K
 -   2: 1  
 -   3: 2  
 -   4: 14  
 -   5: 3  
 -   6: a  
 -   7: 0  
 -   8: 0  
 -   9: 8  
 -  10: 8  
 -  11: 0  
 -  12: 14  
 -  13: 7e ~
 -  14: ffffffe4  
 -  15: 56 V
 -  16: 0  
 -  17: 0  
 -  18: 0  
 -  19: 0  
 -  20: 2  
 -  21: 0  
 -  22: 0  
 -  23: 0  
 -  24: 0  
 -  25: 0  
 -  26: 0  
 -  27: 0  
 -  28: 9  
 -  29: 0  
 -  30: 0  
 -  31: 0  
 -  32: 0  
 -  33: 0  
 -  34: 0  
 -  35: 0  
 -  36: 0  
 -  37: 0  
 -  38: 10  
 -  39: 0  
 -  40: ffffffed  
 -  41: 41 A
 -  42: 0  
 -  43: 0  
 -  44: 0  
 -  45: 0  
 -  46: 4d M
 -  47: 45 E
 -  48: 54 T
 -  49: 41 A
 -  50: 2d -
 -  51: 49 I
 -  52: 4e N
 -  53: 46 F
 -  54: 2f /
 -  55: 50 P
 -  56: 4b K
 -  57: 1  
 -  58: 2  
 -  59: 14  
 -  60: 3  
 -  61: a  
 -  62: 0  
 -  63: 0  
 -  64: 8  
 -  65: 8  
 -  66: 0  
 -  67: 14  
 -  68: 7e ~
 -  69: ffffffe4  
 -  70: 56 V
 -  71: ffffffb2  
 -  72: 7f  
 -  73: 2  
 -  74: ffffffee  
 -  75: 1b  
 -  76: 0  
 -  77: 0  
 -  78: 0  
 -  79: 19  
 -  80: 0  
 -  81: 0  
 -  82: 0  
 -  83: 14  
 -  84: 0  
 -  85: 0  
 -  86: 0  
 -  87: 0  
 -  88: 0  
 -  89: 0  
 -  90: 0  
 -  91: 0  
 -  92: 0  
 -  93: 0  
 -  94: 0  
 -  95: ffffffa4  
 -  96: ffffff81  
 -  97: 29 )
 -  98: 0  
 -  99: 0  
 - 100: 0  
 - 101: 4d M
 - 102: 45 E
 - 103: 54 T
 - 104: 41 A
 - 105: 2d -
 - 106: 49 I
 - 107: 4e N
 - 108: 46 F
 - 109: 2f /
 - 110: 4d M
 - 111: 41 A
 - 112: 4e N
 - 113: 49 I
 - 114: 46 F
 - 115: 45 E
 - 116: 53 S
 - 117: 54 T
 - 118: 2e .
 - 119: 4d M
 - 120: 46 F
 - 121: 50 P
 - 122: 4b K
 - 123: 1  
 - 124: 2  
 - 125: 14  
 - 126: 3  
 - 127: a  
 - 128: 0  
 - 129: 0  
 - 130: 8  
 - 131: 8  
 - 132: 0  
 - 133: ffffffdb  
 - 134: 78 x
 - 135: ffffffe4  
 - 136: 56 V
 - 137: d  
 - 138: ffffff8a  
 - 139: 1b  
 - 140: ffffffc9  
 - 141: 20  
 - 142: 23 #
 - 143: 0  
 - 144: 0  
 - 145: 28 (
 - 146: 52 R
 - 147: 0  
 - 148: 0  
 - 149: 22 "
 - 150: 0  
 - 151: 0  
 - 152: 0  
 - 153: 0  
 - 154: 0  
 - 155: 0  
 - 156: 0  
 - 157: 0  
 - 158: 0  
 - 159: 0  
 - 160: 0  
 - 161: ffffffa4  
 - 162: ffffff81  
 - 163: 76 v
 - 164: 0  
 - 165: 0  
 - 166: 0  
 - 167: 61 a
 - 168: 70 p
 - 169: 69 i
 - 170: 2d -
 - 171: 6d m
 - 172: 73 s
 - 173: 2d -
 - 174: 77 w
 - 175: 69 i
 - 176: 6e n
 - 177: 2d -
 - 178: 63 c
 - 179: 6f o
 - 180: 72 r
 - 181: 65 e
 - 182: 2d -
 - 183: 63 c
 - 184: 6f o
 - 185: 6e n
 - 186: 73 s
 - 187: 6f o
 - 188: 6c l
 - 189: 65 e
 - 190: 2d -
 - 191: 6c l
 - 192: 31 1
 - 193: 2d -
 - 194: 31 1
 - 195: 2d -
 - 196: 30 0
 - 197: 2e .
 - 198: 64 d
 - 199: 6c l
 - 200: 6c l
 - 201: 50 P
 - 202: 4b K
 - 203: 1  
 - 204: 2  
 - 205: 14  
 - 206: 3  
 - 207: a  
 - 208: 0  
 - 209: 0  
 - 210: 8  
 - 211: 8  
 - 212: 0  
 - 213: ffffffdb  
 - 214: 78 x
 - 215: ffffffe4  
 - 216: 56 V
 - 217: ffffff82  
 - 218: 10  
 - 219: 3  
 - 220: fffffffb  
 - 221: 47 G
 - 222: 23 #
 - 223: 0  
 - 224: 0  
 - 225: 20  
 - 226: 52 R
 - 227: 0  
 - 228: 0  
 - 229: 22 "
 - 230: 0  
 - 231: 0  
 - 232: 0  
 - 233: 0  
 - 234: 0  
 - 235: 0  
 - 236: 0  
 - 237: 0  
 - 238: 0  
 - 239: 0  
 - 240: 0  
 - 241: ffffffa4  
 - 242: ffffff81  
 - 243: ffffffd6  
 - 244: 23 #
 - 245: 0  
 - 246: 0  
 - 247: 61 a
 - 248: 70 p
 - 249: 69 i
 - 250: 2d -
 - 251: 6d m
 - 252: 73 s
 - 253: 2d -
 - 254: 77 w
 - 255: 69 i
 - <305628 more elements, increase MaxElementPrintSize to print>
R9 =0x000000006f632d6e is an unknown value
R10=0x00000211b3000000 is pointing into metadata
R11=0x346dc5d63886594b is an unknown value
R12=0x0000000000000001 is an unknown value
R13=0x0000021195b07478 points into unknown readable memory: 0x080ac945dc190988 | 88 09 19 dc 45 c9 0a 08
R14=0x0000021195b07001 points into unknown readable memory: f0 aa 95 11 02 00 00
R15=0x00000072e26ffbb0 points into unknown readable memory: 0x0000021195af5390 | 90 53 af 95 11 02 00 00

Top of Stack: (sp=0x00000072e26ffac0)
0x00000072e26ffac0:   0000000000000000 0000000000000000
0x00000072e26ffad0:   000026163c647f5e 00007ffc7581b3c7
0x00000072e26ffae0:   01daf5b7f24850d5 00007ffc1ab396ef
0x00000072e26ffaf0:   0000021195b08d00 0000000000000000
0x00000072e26ffb00:   0000021195b08d00 00007ffc1aedadec
0x00000072e26ffb10:   0000000082200108 00007ffc1ab35fd1
0x00000072e26ffb20:   0000000000040021 00007ffc1ab39742
0x00000072e26ffb30:   00000072e26ffb60 aaaaaaaaaaaaaaab
0x00000072e26ffb40:   0000000000060000 00007ffc1ab37b5c
0x00000072e26ffb50:   0000021195b08d98 0000000000040021
0x00000072e26ffb60:   0000000000000000 0000000000000000
0x00000072e26ffb70:   0000000000000000 0000021195b07001
0x00000072e26ffb80:   0000021195b08d00 00007ffc1ab368c4
0x00000072e26ffb90:   0000021195b08d98 aaaaaaaaaaaaaaab
0x00000072e26ffba0:   0000000000000000 0000000000000000
0x00000072e26ffbb0:   0000021195af5390 0000021195b08d00
0x00000072e26ffbc0:   0000000082200000 0000000000020000
0x00000072e26ffbd0:   0000000082200000 0000000000020000
0x00000072e26ffbe0:   0000000000000000 0000000000000000
0x00000072e26ffbf0:   00007ffc1b1f0678 00000211b22800b0
0x00000072e26ffc00:   0000000000000003 0000021195aaf620
0x00000072e26ffc10:   0000021195b08d00 00007ffc1aeb1273
0x00000072e26ffc20:   c215b08488000000 0000000000000000
0x00000072e26ffc30:   0000000000000000 0000000000000000
0x00000072e26ffc40:   0000021195b070a0 0000021195b07090
0x00000072e26ffc50:   0000021195b07478 0000000000000030
0x00000072e26ffc60:   00000072e25ff940 0000021195aaf0a0
0x00000072e26ffc70:   0000000000000000 00007ffc1ab3a226
0x00000072e26ffc80:   000006b18d4bf6cb 0000000000000000
0x00000072e26ffc90:   0000021195b08d00 0000021195aaf0a0
0x00000072e26ffca0:   0000000000000000 0000000000000000
0x00000072e26ffcb0:   0000000000000070 0000021195ab5be8 

Instructions: (pc=0x00007ffc1ab397a5)
0x00007ffc1ab396a5:   7b 37 00 48 85 db 74 08 48 8b cb e8 1b 7d 37 00
0x00007ffc1ab396b5:   48 8b 5c 24 50 48 83 c4 40 5f c3 48 89 5c 24 08
0x00007ffc1ab396c5:   57 48 83 ec 20 48 8b da 48 8b f9 f6 c2 01 74 12
0x00007ffc1ab396d5:   48 83 e3 fe 48 83 c1 08 48 8b d3 e8 1b 14 00 00
0x00007ffc1ab396e5:   eb 29 48 8b cb e8 81 00 00 00 84 c0 74 0e 48 8d
0x00007ffc1ab396f5:   4f 08 48 8b d3 e8 a1 13 00 00 eb 0f 48 8b 97 80
0x00007ffc1ab39705:   00 00 00 48 8b cb e8 c0 9e ff ff 48 8b 97 a0 00
0x00007ffc1ab39715:   00 00 48 03 d0 48 89 97 a0 00 00 00 48 3b 97 a8
0x00007ffc1ab39725:   00 00 00 73 10 48 8b 87 c0 00 00 00 48 39 87 b8
0x00007ffc1ab39735:   00 00 00 72 13 48 8b cf e8 5e f2 ff ff 84 c0 75
0x00007ffc1ab39745:   07 c6 87 d0 00 00 00 01 48 8b 5c 24 30 48 83 c4
0x00007ffc1ab39755:   20 5f c3 cc cc cc cc cc cc cc cc 89 51 10 c3 cc
0x00007ffc1ab39765:   cc cc cc cc cc cc cc cc cc cc cc 48 83 ec 28 0f
0x00007ffc1ab39775:   b6 15 b0 30 8a 00 4c 8b c1 8b 0d c4 f7 8f 00 4c
0x00007ffc1ab39785:   8b 15 b5 f7 8f 00 84 d2 74 0f 45 8b 48 08 41 8b
0x00007ffc1ab39795:   c1 48 d3 e0 49 03 c2 eb 07 49 8b 40 08 44 8b c8
0x00007ffc1ab397a5:   83 78 0c 06 75 2a 84 d2 74 0b 41 8b d1 48 d3 e2
0x00007ffc1ab397b5:   49 03 d2 eb 04 49 8b 50 08 49 8b c8 e8 aa 57 e9
0x00007ffc1ab397c5:   ff 48 3d 00 10 00 00 72 07 b0 01 48 83 c4 28 c3
0x00007ffc1ab397d5:   32 c0 48 83 c4 28 c3 cc cc cc cc 40 53 48 83 ec
0x00007ffc1ab397e5:   20 48 8b d9 e8 b2 f1 ff ff 84 c0 74 20 48 8b 43
0x00007ffc1ab397f5:   20 48 8b 88 a0 01 00 00 48 85 c9 75 10 38 8b d0
0x00007ffc1ab39805:   00 00 00 75 08 32 c0 48 83 c4 20 5b c3 b0 01 48
0x00007ffc1ab39815:   83 c4 20 5b c3 cc cc cc cc cc cc 48 8b 41 08 0f
0x00007ffc1ab39825:   b6 80 c6 04 00 00 c3 cc cc cc cc 40 53 48 83 ec
0x00007ffc1ab39835:   20 0f b6 05 e3 c9 93 00 48 8b d9 84 c0 74 21 0f
0x00007ffc1ab39845:   b6 05 d5 c9 93 00 84 c0 74 16 e8 ac 3e 4a 00 48
0x00007ffc1ab39855:   8b 43 08 0f b6 80 c6 04 00 00 48 83 c4 20 5b c3
0x00007ffc1ab39865:   48 8b 41 08 0f b6 80 c6 04 00 00 48 83 c4 20 5b
0x00007ffc1ab39875:   c3 cc cc cc cc cc cc cc cc cc cc 48 8b 81 20 01
0x00007ffc1ab39885:   00 00 48 69 c0 ff 03 00 00 c3 cc 48 89 5c 24 08
0x00007ffc1ab39895:   48 89 6c 24 10 48 89 74 24 18 57 41 54 41 55 41 


Stack slot to memory mapping:

stack at sp + 0 slots: 0x0 is null
stack at sp + 1 slots: 0x0 is null
stack at sp + 2 slots: 0x000026163c647f5e is an unknown value
stack at sp + 3 slots: 0x00007ffc7581b3c7 ntdll.dll
stack at sp + 4 slots: 0x01daf5b7f24850d5 is an unknown value
stack at sp + 5 slots: 0x00007ffc1ab396ef jvm.dll
stack at sp + 6 slots: 0x0000021195b08d00 points into unknown readable memory: 0x00007ffc1b1f0658 | 58 06 1f 1b fc 7f 00 00
stack at sp + 7 slots: 0x0 is null


---------------  P R O C E S S  ---------------

Threads class SMR info:
_java_thread_list=0x00000211f95c4e10, length=22, elements={
0x0000021195a9da30, 0x00000211b22a36c0, 0x00000211b22a6650, 0x00000211b22aca50,
0x00000211b22afa70, 0x00000211b22b0e20, 0x00000211b22b21d0, 0x00000211b22b8dc0,
0x00000211b22bc1d0, 0x00000211b24d9090, 0x00000211f8585a40, 0x00000211b26008d0,
0x00000211f883c110, 0x00000211f8876880, 0x00000211f889f580, 0x00000211f8a9d4b0,
0x00000211f8b167c0, 0x00000211f8ac9310, 0x00000211f8ccc1a0, 0x00000211f90fb010,
0x00000211f91f5e70, 0x00000211f91f4ac0
}

Java Threads: ( => current thread )
  0x0000021195a9da30 JavaThread "main"                              [_thread_blocked, id=15656, stack(0x00000072e2300000,0x00000072e2400000) (1024K)]
  0x00000211b22a36c0 JavaThread "Reference Handler"          daemon [_thread_blocked, id=23380, stack(0x00000072e2b00000,0x00000072e2c00000) (1024K)]
  0x00000211b22a6650 JavaThread "Finalizer"                  daemon [_thread_blocked, id=3460, stack(0x00000072e2c00000,0x00000072e2d00000) (1024K)]
  0x00000211b22aca50 JavaThread "Signal Dispatcher"          daemon [_thread_blocked, id=24300, stack(0x00000072e2d00000,0x00000072e2e00000) (1024K)]
  0x00000211b22afa70 JavaThread "Attach Listener"            daemon [_thread_blocked, id=25028, stack(0x00000072e2e00000,0x00000072e2f00000) (1024K)]
  0x00000211b22b0e20 JavaThread "Service Thread"             daemon [_thread_blocked, id=23972, stack(0x00000072e2f00000,0x00000072e3000000) (1024K)]
  0x00000211b22b21d0 JavaThread "Monitor Deflation Thread"   daemon [_thread_blocked, id=11100, stack(0x00000072e3000000,0x00000072e3100000) (1024K)]
  0x00000211b22b8dc0 JavaThread "C2 CompilerThread0"         daemon [_thread_blocked, id=16416, stack(0x00000072e3100000,0x00000072e3200000) (1024K)]
  0x00000211b22bc1d0 JavaThread "C1 CompilerThread0"         daemon [_thread_blocked, id=16668, stack(0x00000072e3200000,0x00000072e3300000) (1024K)]
  0x00000211b24d9090 JavaThread "Common-Cleaner"             daemon [_thread_blocked, id=20704, stack(0x00000072e3300000,0x00000072e3400000) (1024K)]
  0x00000211f8585a40 JavaThread "Monitor Ctrl-Break"         daemon [_thread_in_native, id=22400, stack(0x00000072e3600000,0x00000072e3700000) (1024K)]
  0x00000211b26008d0 JavaThread "Notification Thread"        daemon [_thread_blocked, id=11976, stack(0x00000072e3700000,0x00000072e3800000) (1024K)]
  0x00000211f883c110 JavaThread "QuantumRenderer-0"          daemon [_thread_blocked, id=6688, stack(0x00000072e3800000,0x00000072e3900000) (1024K)]
  0x00000211f8876880 JavaThread "InvokeLaterDispatcher"      daemon [_thread_blocked, id=4948, stack(0x00000072e3900000,0x00000072e3a00000) (1024K)]
  0x00000211f889f580 JavaThread "JavaFX Application Thread"         [_thread_in_native, id=21280, stack(0x00000072e3a00000,0x00000072e3b00000) (1024K)]
  0x00000211f8a9d4b0 JavaThread "Thread-1"                   daemon [_thread_in_native, id=8556, stack(0x00000072e3400000,0x00000072e3500000) (1024K)]
  0x00000211f8b167c0 JavaThread "JavaFX-Launcher"                   [_thread_blocked, id=12212, stack(0x00000072e3500000,0x00000072e3600000) (1024K)]
  0x00000211f8ac9310 JavaThread "mysql-cj-abandoned-connection-cleanup" daemon [_thread_blocked, id=17092, stack(0x00000072e3e00000,0x00000072e3f00000) (1024K)]
  0x00000211f8ccc1a0 JavaThread "C2 CompilerThread1"         daemon [_thread_in_native, id=21388, stack(0x00000072e4400000,0x00000072e4500000) (1024K)]
  0x00000211f90fb010 JavaThread "C2 CompilerThread2"         daemon [_thread_blocked, id=20824, stack(0x00000072e4500000,0x00000072e4600000) (1024K)]
  0x00000211f91f5e70 JavaThread "Prism Font Disposer"        daemon [_thread_blocked, id=11248, stack(0x00000072e4b00000,0x00000072e4c00000) (1024K)]
  0x00000211f91f4ac0 JavaThread "Cleaner-0"                  daemon [_thread_blocked, id=12004, stack(0x00000072e4d00000,0x00000072e4e00000) (1024K)]
Total: 22

Other Threads:
  0x00000211b22888e0 VMThread "VM Thread"                           [id=9676, stack(0x00000072e2a00000,0x00000072e2b00000) (1024K)]
  0x00000211b2270b20 WatcherThread "VM Periodic Task Thread"        [id=6812, stack(0x00000072e2900000,0x00000072e2a00000) (1024K)]
  0x0000021195af4c90 WorkerThread "GC Thread#0"                     [id=11628, stack(0x00000072e2400000,0x00000072e2500000) (1024K)]
  0x00000211f8b31ad0 WorkerThread "GC Thread#1"                     [id=7360, stack(0x00000072e3f00000,0x00000072e4000000) (1024K)]
  0x00000211f8b31e80 WorkerThread "GC Thread#2"                     [id=17940, stack(0x00000072e4000000,0x00000072e4100000) (1024K)]
  0x00000211f8b8c170 WorkerThread "GC Thread#3"                     [id=3988, stack(0x00000072e4100000,0x00000072e4200000) (1024K)]
  0x00000211f8b8c520 WorkerThread "GC Thread#4"                     [id=15596, stack(0x00000072e4200000,0x00000072e4300000) (1024K)]
  0x00000211f8b8f0f0 WorkerThread "GC Thread#5"                     [id=15640, stack(0x00000072e4300000,0x00000072e4400000) (1024K)]
  0x00000211fe72d470 WorkerThread "GC Thread#6"                     [id=1928, stack(0x00000072e4600000,0x00000072e4700000) (1024K)]
  0x00000211fe6baec0 WorkerThread "GC Thread#7"                     [id=4256, stack(0x00000072e4700000,0x00000072e4800000) (1024K)]
  0x0000021195b05a30 ConcurrentGCThread "G1 Main Marker"            [id=22948, stack(0x00000072e2500000,0x00000072e2600000) (1024K)]
=>0x0000021195b06ce0 WorkerThread "G1 Conc#0"                       [id=17556, stack(0x00000072e2600000,0x00000072e2700000) (1024K)]
  0x00000211fec71840 WorkerThread "G1 Conc#1"                       [id=6904, stack(0x00000072e4c00000,0x00000072e4d00000) (1024K)]
  0x00000211b2140540 ConcurrentGCThread "G1 Refine#0"               [id=19676, stack(0x00000072e2700000,0x00000072e2800000) (1024K)]
  0x00000211b21420d0 ConcurrentGCThread "G1 Service"                [id=17560, stack(0x00000072e2800000,0x00000072e2900000) (1024K)]
Total: 15

Threads with active compile tasks:
C2 CompilerThread1  2495 2348       4       java.lang.invoke.MethodType::makeImpl (109 bytes)
Total: 1

VM state: not at safepoint (normal execution)

VM Mutex/Monitor currently owned by a thread:  ([mutex/lock_event])
[0x00007ffc1b46bcb8] Heap_lock - owner thread: 0x00000211f883c110

Heap address: 0x0000000082000000, size: 2016 MB, Compressed Oops mode: 32-bit

CDS archive(s) mapped at: [0x00000211b3000000-0x00000211b3c50000-0x00000211b3c50000), size 12910592, SharedBaseAddress: 0x00000211b3000000, ArchiveRelocationMode: 1.
Compressed class space mapped at: 0x00000211b4000000-0x00000211f4000000, reserved size: 1073741824
Narrow klass base: 0x00000211b3000000, Narrow klass shift: 0, Narrow klass range: 0x41000000

GC Precious Log:
 CardTable entry size: 512
 Card Set container configuration: InlinePtr #cards 5 size 8 Array Of Cards #cards 12 size 40 Howl #buckets 4 coarsen threshold 1843 Howl Bitmap #cards 512 size 80 coarsen threshold 460 Card regions per heap region 1 cards per card region 2048
 CPUs: 8 total, 8 available
 Memory: 8060M
 Large Page Support: Disabled
 NUMA Support: Disabled
 Compressed Oops: Enabled (32-bit)
 Heap Region Size: 1M
 Heap Min Capacity: 8M
 Heap Initial Capacity: 126M
 Heap Max Capacity: 2016M
 Pre-touch: Disabled
 Parallel Workers: 8
 Concurrent Workers: 2
 Concurrent Refinement Workers: 8
 Periodic GC: Disabled

Heap:
 garbage-first heap   total reserved 2064384K, committed 129024K, used 13288K [0x0000000082000000, 0x0000000100000000)
  region size 1024K, 4 young (4096K), 1 survivors (1024K)
 Metaspace       used 21546K, committed 21824K, reserved 1114112K
  class space    used 2798K, committed 2944K, reserved 1048576K

Heap Regions: E=young(eden), S=young(survivor), O=old, HS=humongous(starts), HC=humongous(continues), CS=collection set, F=free, TAMS=top-at-mark-start, PB=parsable bottom
|   0|0x0000000082000000, 0x0000000082100000, 0x0000000082100000|100%|HS|  |TAMS 0x0000000082100000| PB 0x0000000082000000| Complete |  0
|   1|0x0000000082100000, 0x0000000082200000, 0x0000000082200000|100%| O|  |TAMS 0x0000000082200000| PB 0x0000000082100000| Untracked |  0
|   2|0x0000000082200000, 0x0000000082300000, 0x0000000082300000|100%| O|  |TAMS 0x0000000082300000| PB 0x0000000082200000| Untracked |  0
|   3|0x0000000082300000, 0x0000000082400000, 0x0000000082400000|100%| O|  |TAMS 0x0000000082400000| PB 0x0000000082300000| Untracked |  0
|   4|0x0000000082400000, 0x0000000082500000, 0x0000000082500000|100%| O|  |TAMS 0x00000000824b6290| PB 0x0000000082400000| Untracked |  0
|   5|0x0000000082500000, 0x0000000082600000, 0x0000000082600000|100%| O|  |TAMS 0x0000000082500000| PB 0x0000000082500000| Untracked |  0
|   6|0x0000000082600000, 0x0000000082700000, 0x0000000082700000|100%| O|  |TAMS 0x0000000082600000| PB 0x0000000082600000| Untracked |  0
|   7|0x0000000082700000, 0x0000000082800000, 0x0000000082800000|100%| O|  |TAMS 0x0000000082700000| PB 0x0000000082700000| Untracked |  0
|   8|0x0000000082800000, 0x0000000082900000, 0x0000000082900000|100%| O|  |TAMS 0x0000000082800000| PB 0x0000000082800000| Untracked |  0
|   9|0x0000000082900000, 0x0000000082a00000, 0x0000000082a00000|100%| O|  |TAMS 0x0000000082900000| PB 0x0000000082900000| Untracked |  0
|  10|0x0000000082a00000, 0x0000000082a00000, 0x0000000082b00000|  0%| F|  |TAMS 0x0000000082a00000| PB 0x0000000082a00000| Untracked |  0
|  11|0x0000000082b00000, 0x0000000082b00000, 0x0000000082c00000|  0%| F|  |TAMS 0x0000000082b00000| PB 0x0000000082b00000| Untracked |  0
|  12|0x0000000082c00000, 0x0000000082c00000, 0x0000000082d00000|  0%| F|  |TAMS 0x0000000082c00000| PB 0x0000000082c00000| Untracked |  0
|  13|0x0000000082d00000, 0x0000000082d00000, 0x0000000082e00000|  0%| F|  |TAMS 0x0000000082d00000| PB 0x0000000082d00000| Untracked |  0
|  14|0x0000000082e00000, 0x0000000082e00000, 0x0000000082f00000|  0%| F|  |TAMS 0x0000000082e00000| PB 0x0000000082e00000| Untracked |  0
|  15|0x0000000082f00000, 0x0000000082f00000, 0x0000000083000000|  0%| F|  |TAMS 0x0000000082f00000| PB 0x0000000082f00000| Untracked |  0
|  16|0x0000000083000000, 0x0000000083000000, 0x0000000083100000|  0%| F|  |TAMS 0x0000000083000000| PB 0x0000000083000000| Untracked |  0
|  17|0x0000000083100000, 0x0000000083100000, 0x0000000083200000|  0%| F|  |TAMS 0x0000000083100000| PB 0x0000000083100000| Untracked |  0
|  18|0x0000000083200000, 0x0000000083200000, 0x0000000083300000|  0%| F|  |TAMS 0x0000000083200000| PB 0x0000000083200000| Untracked |  0
|  19|0x0000000083300000, 0x0000000083300000, 0x0000000083400000|  0%| F|  |TAMS 0x0000000083300000| PB 0x0000000083300000| Untracked |  0
|  20|0x0000000083400000, 0x0000000083400000, 0x0000000083500000|  0%| F|  |TAMS 0x0000000083400000| PB 0x0000000083400000| Untracked |  0
|  21|0x0000000083500000, 0x0000000083500000, 0x0000000083600000|  0%| F|  |TAMS 0x0000000083500000| PB 0x0000000083500000| Untracked |  0
|  22|0x0000000083600000, 0x0000000083600000, 0x0000000083700000|  0%| F|  |TAMS 0x0000000083600000| PB 0x0000000083600000| Untracked |  0
|  23|0x0000000083700000, 0x0000000083700000, 0x0000000083800000|  0%| F|  |TAMS 0x0000000083700000| PB 0x0000000083700000| Untracked |  0
|  24|0x0000000083800000, 0x0000000083800000, 0x0000000083900000|  0%| F|  |TAMS 0x0000000083800000| PB 0x0000000083800000| Untracked |  0
|  25|0x0000000083900000, 0x0000000083900000, 0x0000000083a00000|  0%| F|  |TAMS 0x0000000083900000| PB 0x0000000083900000| Untracked |  0
|  26|0x0000000083a00000, 0x0000000083a00000, 0x0000000083b00000|  0%| F|  |TAMS 0x0000000083a00000| PB 0x0000000083a00000| Untracked |  0
|  27|0x0000000083b00000, 0x0000000083b00000, 0x0000000083c00000|  0%| F|  |TAMS 0x0000000083b00000| PB 0x0000000083b00000| Untracked |  0
|  28|0x0000000083c00000, 0x0000000083c00000, 0x0000000083d00000|  0%| F|  |TAMS 0x0000000083c00000| PB 0x0000000083c00000| Untracked |  0
|  29|0x0000000083d00000, 0x0000000083d00000, 0x0000000083e00000|  0%| F|  |TAMS 0x0000000083d00000| PB 0x0000000083d00000| Untracked |  0
|  30|0x0000000083e00000, 0x0000000083e00000, 0x0000000083f00000|  0%| F|  |TAMS 0x0000000083e00000| PB 0x0000000083e00000| Untracked |  0
|  31|0x0000000083f00000, 0x0000000083f00000, 0x0000000084000000|  0%| F|  |TAMS 0x0000000083f00000| PB 0x0000000083f00000| Untracked |  0
|  32|0x0000000084000000, 0x0000000084000000, 0x0000000084100000|  0%| F|  |TAMS 0x0000000084000000| PB 0x0000000084000000| Untracked |  0
|  33|0x0000000084100000, 0x0000000084100000, 0x0000000084200000|  0%| F|  |TAMS 0x0000000084100000| PB 0x0000000084100000| Untracked |  0
|  34|0x0000000084200000, 0x0000000084200000, 0x0000000084300000|  0%| F|  |TAMS 0x0000000084200000| PB 0x0000000084200000| Untracked |  0
|  35|0x0000000084300000, 0x0000000084300000, 0x0000000084400000|  0%| F|  |TAMS 0x0000000084300000| PB 0x0000000084300000| Untracked |  0
|  36|0x0000000084400000, 0x0000000084400000, 0x0000000084500000|  0%| F|  |TAMS 0x0000000084400000| PB 0x0000000084400000| Untracked |  0
|  37|0x0000000084500000, 0x0000000084500000, 0x0000000084600000|  0%| F|  |TAMS 0x0000000084500000| PB 0x0000000084500000| Untracked |  0
|  38|0x0000000084600000, 0x0000000084600000, 0x0000000084700000|  0%| F|  |TAMS 0x0000000084600000| PB 0x0000000084600000| Untracked |  0
|  39|0x0000000084700000, 0x0000000084700000, 0x0000000084800000|  0%| F|  |TAMS 0x0000000084700000| PB 0x0000000084700000| Untracked |  0
|  40|0x0000000084800000, 0x0000000084800000, 0x0000000084900000|  0%| F|  |TAMS 0x0000000084800000| PB 0x0000000084800000| Untracked |  0
|  41|0x0000000084900000, 0x0000000084900000, 0x0000000084a00000|  0%| F|  |TAMS 0x0000000084900000| PB 0x0000000084900000| Untracked |  0
|  42|0x0000000084a00000, 0x0000000084a00000, 0x0000000084b00000|  0%| F|  |TAMS 0x0000000084a00000| PB 0x0000000084a00000| Untracked |  0
|  43|0x0000000084b00000, 0x0000000084b00000, 0x0000000084c00000|  0%| F|  |TAMS 0x0000000084b00000| PB 0x0000000084b00000| Untracked |  0
|  44|0x0000000084c00000, 0x0000000084c00000, 0x0000000084d00000|  0%| F|  |TAMS 0x0000000084c00000| PB 0x0000000084c00000| Untracked |  0
|  45|0x0000000084d00000, 0x0000000084d00000, 0x0000000084e00000|  0%| F|  |TAMS 0x0000000084d00000| PB 0x0000000084d00000| Untracked |  0
|  46|0x0000000084e00000, 0x0000000084e00000, 0x0000000084f00000|  0%| F|  |TAMS 0x0000000084e00000| PB 0x0000000084e00000| Untracked |  0
|  47|0x0000000084f00000, 0x0000000084f00000, 0x0000000085000000|  0%| F|  |TAMS 0x0000000084f00000| PB 0x0000000084f00000| Untracked |  0
|  48|0x0000000085000000, 0x0000000085000000, 0x0000000085100000|  0%| F|  |TAMS 0x0000000085000000| PB 0x0000000085000000| Untracked |  0
|  49|0x0000000085100000, 0x0000000085100000, 0x0000000085200000|  0%| F|  |TAMS 0x0000000085100000| PB 0x0000000085100000| Untracked |  0
|  50|0x0000000085200000, 0x0000000085200000, 0x0000000085300000|  0%| F|  |TAMS 0x0000000085200000| PB 0x0000000085200000| Untracked |  0
|  51|0x0000000085300000, 0x0000000085300000, 0x0000000085400000|  0%| F|  |TAMS 0x0000000085300000| PB 0x0000000085300000| Untracked |  0
|  52|0x0000000085400000, 0x0000000085400000, 0x0000000085500000|  0%| F|  |TAMS 0x0000000085400000| PB 0x0000000085400000| Untracked |  0
|  53|0x0000000085500000, 0x0000000085500000, 0x0000000085600000|  0%| F|  |TAMS 0x0000000085500000| PB 0x0000000085500000| Untracked |  0
|  54|0x0000000085600000, 0x0000000085600000, 0x0000000085700000|  0%| F|  |TAMS 0x0000000085600000| PB 0x0000000085600000| Untracked |  0
|  55|0x0000000085700000, 0x0000000085700000, 0x0000000085800000|  0%| F|  |TAMS 0x0000000085700000| PB 0x0000000085700000| Untracked |  0
|  56|0x0000000085800000, 0x0000000085800000, 0x0000000085900000|  0%| F|  |TAMS 0x0000000085800000| PB 0x0000000085800000| Untracked |  0
|  57|0x0000000085900000, 0x0000000085900000, 0x0000000085a00000|  0%| F|  |TAMS 0x0000000085900000| PB 0x0000000085900000| Untracked |  0
|  58|0x0000000085a00000, 0x0000000085a00000, 0x0000000085b00000|  0%| F|  |TAMS 0x0000000085a00000| PB 0x0000000085a00000| Untracked |  0
|  59|0x0000000085b00000, 0x0000000085b00000, 0x0000000085c00000|  0%| F|  |TAMS 0x0000000085b00000| PB 0x0000000085b00000| Untracked |  0
|  60|0x0000000085c00000, 0x0000000085c00000, 0x0000000085d00000|  0%| F|  |TAMS 0x0000000085c00000| PB 0x0000000085c00000| Untracked |  0
|  61|0x0000000085d00000, 0x0000000085d00000, 0x0000000085e00000|  0%| F|  |TAMS 0x0000000085d00000| PB 0x0000000085d00000| Untracked |  0
|  62|0x0000000085e00000, 0x0000000085e00000, 0x0000000085f00000|  0%| F|  |TAMS 0x0000000085e00000| PB 0x0000000085e00000| Untracked |  0
|  63|0x0000000085f00000, 0x0000000085f00000, 0x0000000086000000|  0%| F|  |TAMS 0x0000000085f00000| PB 0x0000000085f00000| Untracked |  0
|  64|0x0000000086000000, 0x0000000086000000, 0x0000000086100000|  0%| F|  |TAMS 0x0000000086000000| PB 0x0000000086000000| Untracked |  0
|  65|0x0000000086100000, 0x0000000086100000, 0x0000000086200000|  0%| F|  |TAMS 0x0000000086100000| PB 0x0000000086100000| Untracked |  0
|  66|0x0000000086200000, 0x0000000086200000, 0x0000000086300000|  0%| F|  |TAMS 0x0000000086200000| PB 0x0000000086200000| Untracked |  0
|  67|0x0000000086300000, 0x0000000086300000, 0x0000000086400000|  0%| F|  |TAMS 0x0000000086300000| PB 0x0000000086300000| Untracked |  0
|  68|0x0000000086400000, 0x0000000086400000, 0x0000000086500000|  0%| F|  |TAMS 0x0000000086400000| PB 0x0000000086400000| Untracked |  0
|  69|0x0000000086500000, 0x0000000086500000, 0x0000000086600000|  0%| F|  |TAMS 0x0000000086500000| PB 0x0000000086500000| Untracked |  0
|  70|0x0000000086600000, 0x0000000086600000, 0x0000000086700000|  0%| F|  |TAMS 0x0000000086600000| PB 0x0000000086600000| Untracked |  0
|  71|0x0000000086700000, 0x0000000086700000, 0x0000000086800000|  0%| F|  |TAMS 0x0000000086700000| PB 0x0000000086700000| Untracked |  0
|  72|0x0000000086800000, 0x0000000086800000, 0x0000000086900000|  0%| F|  |TAMS 0x0000000086800000| PB 0x0000000086800000| Untracked |  0
|  73|0x0000000086900000, 0x0000000086900000, 0x0000000086a00000|  0%| F|  |TAMS 0x0000000086900000| PB 0x0000000086900000| Untracked |  0
|  74|0x0000000086a00000, 0x0000000086a00000, 0x0000000086b00000|  0%| F|  |TAMS 0x0000000086a00000| PB 0x0000000086a00000| Untracked |  0
|  75|0x0000000086b00000, 0x0000000086b00000, 0x0000000086c00000|  0%| F|  |TAMS 0x0000000086b00000| PB 0x0000000086b00000| Untracked |  0
|  76|0x0000000086c00000, 0x0000000086c00000, 0x0000000086d00000|  0%| F|  |TAMS 0x0000000086c00000| PB 0x0000000086c00000| Untracked |  0
|  77|0x0000000086d00000, 0x0000000086d00000, 0x0000000086e00000|  0%| F|  |TAMS 0x0000000086d00000| PB 0x0000000086d00000| Untracked |  0
|  78|0x0000000086e00000, 0x0000000086e00000, 0x0000000086f00000|  0%| F|  |TAMS 0x0000000086e00000| PB 0x0000000086e00000| Untracked |  0
|  79|0x0000000086f00000, 0x0000000086f00000, 0x0000000087000000|  0%| F|  |TAMS 0x0000000086f00000| PB 0x0000000086f00000| Untracked |  0
|  80|0x0000000087000000, 0x0000000087000000, 0x0000000087100000|  0%| F|  |TAMS 0x0000000087000000| PB 0x0000000087000000| Untracked |  0
|  81|0x0000000087100000, 0x0000000087100000, 0x0000000087200000|  0%| F|  |TAMS 0x0000000087100000| PB 0x0000000087100000| Untracked |  0
|  82|0x0000000087200000, 0x0000000087200000, 0x0000000087300000|  0%| F|  |TAMS 0x0000000087200000| PB 0x0000000087200000| Untracked |  0
|  83|0x0000000087300000, 0x0000000087300000, 0x0000000087400000|  0%| F|  |TAMS 0x0000000087300000| PB 0x0000000087300000| Untracked |  0
|  84|0x0000000087400000, 0x0000000087400000, 0x0000000087500000|  0%| F|  |TAMS 0x0000000087400000| PB 0x0000000087400000| Untracked |  0
|  85|0x0000000087500000, 0x0000000087500000, 0x0000000087600000|  0%| F|  |TAMS 0x0000000087500000| PB 0x0000000087500000| Untracked |  0
|  86|0x0000000087600000, 0x0000000087600000, 0x0000000087700000|  0%| F|  |TAMS 0x0000000087600000| PB 0x0000000087600000| Untracked |  0
|  87|0x0000000087700000, 0x0000000087700000, 0x0000000087800000|  0%| F|  |TAMS 0x0000000087700000| PB 0x0000000087700000| Untracked |  0
|  88|0x0000000087800000, 0x0000000087800000, 0x0000000087900000|  0%| F|  |TAMS 0x0000000087800000| PB 0x0000000087800000| Untracked |  0
|  89|0x0000000087900000, 0x0000000087900000, 0x0000000087a00000|  0%| F|  |TAMS 0x0000000087900000| PB 0x0000000087900000| Untracked |  0
|  90|0x0000000087a00000, 0x0000000087a00000, 0x0000000087b00000|  0%| F|  |TAMS 0x0000000087a00000| PB 0x0000000087a00000| Untracked |  0
|  91|0x0000000087b00000, 0x0000000087b00000, 0x0000000087c00000|  0%| F|  |TAMS 0x0000000087b00000| PB 0x0000000087b00000| Untracked |  0
|  92|0x0000000087c00000, 0x0000000087c00000, 0x0000000087d00000|  0%| F|  |TAMS 0x0000000087c00000| PB 0x0000000087c00000| Untracked |  0
|  93|0x0000000087d00000, 0x0000000087d00000, 0x0000000087e00000|  0%| F|  |TAMS 0x0000000087d00000| PB 0x0000000087d00000| Untracked |  0
|  94|0x0000000087e00000, 0x0000000087e00000, 0x0000000087f00000|  0%| F|  |TAMS 0x0000000087e00000| PB 0x0000000087e00000| Untracked |  0
|  95|0x0000000087f00000, 0x0000000087f00000, 0x0000000088000000|  0%| F|  |TAMS 0x0000000087f00000| PB 0x0000000087f00000| Untracked |  0
|  96|0x0000000088000000, 0x0000000088000000, 0x0000000088100000|  0%| F|  |TAMS 0x0000000088000000| PB 0x0000000088000000| Untracked |  0
|  97|0x0000000088100000, 0x0000000088100000, 0x0000000088200000|  0%| F|  |TAMS 0x0000000088100000| PB 0x0000000088100000| Untracked |  0
|  98|0x0000000088200000, 0x0000000088200000, 0x0000000088300000|  0%| F|  |TAMS 0x0000000088200000| PB 0x0000000088200000| Untracked |  0
|  99|0x0000000088300000, 0x0000000088300000, 0x0000000088400000|  0%| F|  |TAMS 0x0000000088300000| PB 0x0000000088300000| Untracked |  0
| 100|0x0000000088400000, 0x0000000088400000, 0x0000000088500000|  0%| F|  |TAMS 0x0000000088400000| PB 0x0000000088400000| Untracked |  0
| 101|0x0000000088500000, 0x0000000088500000, 0x0000000088600000|  0%| F|  |TAMS 0x0000000088500000| PB 0x0000000088500000| Untracked |  0
| 102|0x0000000088600000, 0x0000000088600000, 0x0000000088700000|  0%| F|  |TAMS 0x0000000088600000| PB 0x0000000088600000| Untracked |  0
| 103|0x0000000088700000, 0x0000000088700000, 0x0000000088800000|  0%| F|  |TAMS 0x0000000088700000| PB 0x0000000088700000| Untracked |  0
| 104|0x0000000088800000, 0x0000000088800000, 0x0000000088900000|  0%| F|  |TAMS 0x0000000088800000| PB 0x0000000088800000| Untracked |  0
| 105|0x0000000088900000, 0x0000000088900000, 0x0000000088a00000|  0%| F|  |TAMS 0x0000000088900000| PB 0x0000000088900000| Untracked |  0
| 106|0x0000000088a00000, 0x0000000088a00000, 0x0000000088b00000|  0%| F|  |TAMS 0x0000000088a00000| PB 0x0000000088a00000| Untracked |  0
| 107|0x0000000088b00000, 0x0000000088b00000, 0x0000000088c00000|  0%| F|  |TAMS 0x0000000088b00000| PB 0x0000000088b00000| Untracked |  0
| 108|0x0000000088c00000, 0x0000000088c00000, 0x0000000088d00000|  0%| F|  |TAMS 0x0000000088c00000| PB 0x0000000088c00000| Untracked |  0
| 109|0x0000000088d00000, 0x0000000088d00000, 0x0000000088e00000|  0%| F|  |TAMS 0x0000000088d00000| PB 0x0000000088d00000| Untracked |  0
| 110|0x0000000088e00000, 0x0000000088e00000, 0x0000000088f00000|  0%| F|  |TAMS 0x0000000088e00000| PB 0x0000000088e00000| Untracked |  0
| 111|0x0000000088f00000, 0x0000000088f00000, 0x0000000089000000|  0%| F|  |TAMS 0x0000000088f00000| PB 0x0000000088f00000| Untracked |  0
| 112|0x0000000089000000, 0x00000000890fa140, 0x0000000089100000| 97%| S|CS|TAMS 0x0000000089000000| PB 0x0000000089000000| Complete |  0
| 113|0x0000000089100000, 0x0000000089100000, 0x0000000089200000|  0%| F|  |TAMS 0x0000000089100000| PB 0x0000000089100000| Untracked |  0
| 114|0x0000000089200000, 0x0000000089200000, 0x0000000089300000|  0%| F|  |TAMS 0x0000000089200000| PB 0x0000000089200000| Untracked |  0
| 115|0x0000000089300000, 0x0000000089300000, 0x0000000089400000|  0%| F|  |TAMS 0x0000000089300000| PB 0x0000000089300000| Untracked |  0
| 116|0x0000000089400000, 0x0000000089400000, 0x0000000089500000|  0%| F|  |TAMS 0x0000000089400000| PB 0x0000000089400000| Untracked |  0
| 117|0x0000000089500000, 0x0000000089500000, 0x0000000089600000|  0%| F|  |TAMS 0x0000000089500000| PB 0x0000000089500000| Untracked |  0
| 118|0x0000000089600000, 0x0000000089600000, 0x0000000089700000|  0%| F|  |TAMS 0x0000000089600000| PB 0x0000000089600000| Untracked |  0
| 119|0x0000000089700000, 0x0000000089700000, 0x0000000089800000|  0%| F|  |TAMS 0x0000000089700000| PB 0x0000000089700000| Untracked |  0
| 120|0x0000000089800000, 0x0000000089800000, 0x0000000089900000|  0%| F|  |TAMS 0x0000000089800000| PB 0x0000000089800000| Untracked |  0
| 121|0x0000000089900000, 0x0000000089900000, 0x0000000089a00000|  0%| F|  |TAMS 0x0000000089900000| PB 0x0000000089900000| Untracked |  0
| 122|0x0000000089a00000, 0x0000000089a00000, 0x0000000089b00000|  0%| F|  |TAMS 0x0000000089a00000| PB 0x0000000089a00000| Untracked |  0
| 123|0x0000000089b00000, 0x0000000089bebe10, 0x0000000089c00000| 92%| E|  |TAMS 0x0000000089b00000| PB 0x0000000089b00000| Complete |  0
| 124|0x0000000089c00000, 0x0000000089d00000, 0x0000000089d00000|100%| E|CS|TAMS 0x0000000089c00000| PB 0x0000000089c00000| Complete |  0
| 125|0x0000000089d00000, 0x0000000089e00000, 0x0000000089e00000|100%| E|CS|TAMS 0x0000000089d00000| PB 0x0000000089d00000| Complete |  0

Card table byte_map: [0x00000211ad520000,0x00000211ad910000] _byte_map_base: 0x00000211ad110000

Marking Bits: (CMBitMap*) 0x0000021195af53a0
 Bits: [0x00000211ad910000, 0x00000211af890000)

Polling page: 0x00000211939a0000

Metaspace:

Usage:
  Non-class:     18.31 MB used.
      Class:      2.73 MB used.
       Both:     21.04 MB used.

Virtual space:
  Non-class space:       64.00 MB reserved,      18.44 MB ( 29%) committed,  1 nodes.
      Class space:        1.00 GB reserved,       2.88 MB ( <1%) committed,  1 nodes.
             Both:        1.06 GB reserved,      21.31 MB (  2%) committed. 

Chunk freelists:
   Non-Class:  13.56 MB
       Class:  13.14 MB
        Both:  26.70 MB

MaxMetaspaceSize: unlimited
CompressedClassSpaceSize: 1.00 GB
Initial GC threshold: 21.00 MB
Current GC threshold: 21.31 MB
CDS: on
 - commit_granule_bytes: 65536.
 - commit_granule_words: 8192.
 - virtual_space_node_default_size: 8388608.
 - enlarge_chunks_in_place: 1.
 - use_allocation_guard: 0.


Internal statistics:

num_allocs_failed_limit: 5.
num_arena_births: 332.
num_arena_deaths: 0.
num_vsnodes_births: 2.
num_vsnodes_deaths: 0.
num_space_committed: 341.
num_space_uncommitted: 0.
num_chunks_returned_to_freelist: 5.
num_chunks_taken_from_freelist: 820.
num_chunk_merges: 5.
num_chunk_splits: 587.
num_chunks_enlarged: 451.
num_inconsistent_stats: 0.

CodeHeap 'non-profiled nmethods': size=120000Kb used=1028Kb max_used=1028Kb free=118971Kb
 bounds [0x00000211a58c0000, 0x00000211a5b30000, 0x00000211acdf0000]
CodeHeap 'profiled nmethods': size=120000Kb used=4252Kb max_used=4252Kb free=115747Kb
 bounds [0x000002119ddf0000, 0x000002119e220000, 0x00000211a5320000]
CodeHeap 'non-nmethods': size=5760Kb used=1877Kb max_used=1907Kb free=3882Kb
 bounds [0x00000211a5320000, 0x00000211a5590000, 0x00000211a58c0000]
 total_blobs=3224 nmethods=2350 adapters=778
 compilation: enabled
              stopped_count=0, restarted_count=0
 full_count=0

Compilation events (20 events):
Event: 2.285 Thread 0x00000211b22bc1d0 2305       3       java.lang.invoke.MethodHandleImpl::makeIntrinsic (14 bytes)
Event: 2.286 Thread 0x00000211b22bc1d0 nmethod 2305 0x000002119e206690 code [0x000002119e206880, 0x000002119e206f68]
Event: 2.298 Thread 0x00000211b22bc1d0 2306   !   3       java.lang.ref.ReferenceQueue::remove (61 bytes)
Event: 2.298 Thread 0x00000211b22b8dc0 2310       4       java.util.concurrent.locks.ReentrantLock::unlock (10 bytes)
Event: 2.299 Thread 0x00000211b22bc1d0 nmethod 2306 0x000002119e207190 code [0x000002119e207400, 0x000002119e207f88]
Event: 2.299 Thread 0x00000211b22bc1d0 2307       3       java.lang.ref.ReferenceQueue::remove0 (64 bytes)
Event: 2.299 Thread 0x00000211b22bc1d0 nmethod 2307 0x000002119e208310 code [0x000002119e208500, 0x000002119e208980]
Event: 2.299 Thread 0x00000211b22bc1d0 2308   !   3       jdk.internal.ref.PhantomCleanable::isListEmpty (34 bytes)
Event: 2.299 Thread 0x00000211b22bc1d0 nmethod 2308 0x000002119e208b10 code [0x000002119e208cc0, 0x000002119e208f18]
Event: 2.299 Thread 0x00000211b22bc1d0 2309       3       jdk.internal.misc.InnocuousThread::eraseThreadLocals (23 bytes)
Event: 2.299 Thread 0x00000211b22bc1d0 nmethod 2309 0x000002119e209010 code [0x000002119e2091a0, 0x000002119e209388]
Event: 2.299 Thread 0x00000211b22bc1d0 2311       3       java.lang.invoke.MethodHandleNatives$CallSiteContext::run (5 bytes)
Event: 2.299 Thread 0x00000211b22bc1d0 nmethod 2311 0x000002119e209410 code [0x000002119e2095c0, 0x000002119e2096f8]
Event: 2.300 Thread 0x00000211b22bc1d0 2313       3       java.lang.invoke.MethodHandles::identity (87 bytes)
Event: 2.301 Thread 0x00000211b22b8dc0 nmethod 2310 0x00000211a59bc810 code [0x00000211a59bc9c0, 0x00000211a59bcba8]
Event: 2.301 Thread 0x00000211b22bc1d0 nmethod 2313 0x000002119e209790 code [0x000002119e209980, 0x000002119e209da0]
Event: 2.301 Thread 0x00000211b22bc1d0 2314       3       java.lang.invoke.MethodType::methodType (44 bytes)
Event: 2.301 Thread 0x00000211b22bc1d0 nmethod 2314 0x000002119e209f90 code [0x000002119e20a180, 0x000002119e20a610]
Event: 2.301 Thread 0x00000211b22bc1d0 2315       3       java.lang.invoke.DelegatingMethodHandle::rebind (8 bytes)
Event: 2.301 Thread 0x00000211b22bc1d0 nmethod 2315 0x000002119e20a710 code [0x000002119e20a8c0, 0x000002119e20ab50]

GC Heap History (6 events):
Event: 0.897 GC heap before
{Heap before GC invocations=0 (full 0):
 garbage-first heap   total reserved 2064384K, committed 129024K, used 23552K [0x0000000082000000, 0x0000000100000000)
  region size 1024K, 24 young (24576K), 0 survivors (0K)
 Metaspace       used 5128K, committed 5376K, reserved 1114112K
  class space    used 607K, committed 704K, reserved 1048576K
}
Event: 0.900 GC heap after
{Heap after GC invocations=1 (full 0):
 garbage-first heap   total reserved 2064384K, committed 129024K, used 3007K [0x0000000082000000, 0x0000000100000000)
  region size 1024K, 3 young (3072K), 3 survivors (3072K)
 Metaspace       used 5128K, committed 5376K, reserved 1114112K
  class space    used 607K, committed 704K, reserved 1048576K
}
Event: 2.062 GC heap before
{Heap before GC invocations=1 (full 0):
 garbage-first heap   total reserved 2064384K, committed 129024K, used 38847K [0x0000000082000000, 0x0000000100000000)
  region size 1024K, 38 young (38912K), 3 survivors (3072K)
 Metaspace       used 18723K, committed 19072K, reserved 1114112K
  class space    used 2337K, committed 2496K, reserved 1048576K
}
Event: 2.071 GC heap after
{Heap after GC invocations=2 (full 0):
 garbage-first heap   total reserved 2064384K, committed 129024K, used 9944K [0x0000000082000000, 0x0000000100000000)
  region size 1024K, 5 young (5120K), 5 survivors (5120K)
 Metaspace       used 18723K, committed 19072K, reserved 1114112K
  class space    used 2337K, committed 2496K, reserved 1048576K
}
Event: 2.292 GC heap before
{Heap before GC invocations=2 (full 0):
 garbage-first heap   total reserved 2064384K, committed 129024K, used 21208K [0x0000000082000000, 0x0000000100000000)
  region size 1024K, 18 young (18432K), 5 survivors (5120K)
 Metaspace       used 21138K, committed 21504K, reserved 1114112K
  class space    used 2750K, committed 2944K, reserved 1048576K
}
Event: 2.297 GC heap after
{Heap after GC invocations=3 (full 0):
 garbage-first heap   total reserved 2064384K, committed 129024K, used 11240K [0x0000000082000000, 0x0000000100000000)
  region size 1024K, 1 young (1024K), 1 survivors (1024K)
 Metaspace       used 21138K, committed 21504K, reserved 1114112K
  class space    used 2750K, committed 2944K, reserved 1048576K
}

Dll operation events (20 events):
Event: 0.553 Loaded shared library C:\Users\kayqu\.openjfx\cache\21-ea+null\amd64\api-ms-win-crt-math-l1-1-0.dll
Event: 0.557 Loaded shared library C:\Users\kayqu\.openjfx\cache\21-ea+null\amd64\api-ms-win-crt-multibyte-l1-1-0.dll
Event: 0.561 Loaded shared library C:\Users\kayqu\.openjfx\cache\21-ea+null\amd64\api-ms-win-crt-private-l1-1-0.dll
Event: 0.564 Loaded shared library C:\Users\kayqu\.openjfx\cache\21-ea+null\amd64\api-ms-win-crt-process-l1-1-0.dll
Event: 0.567 Loaded shared library C:\Users\kayqu\.openjfx\cache\21-ea+null\amd64\api-ms-win-crt-runtime-l1-1-0.dll
Event: 0.571 Loaded shared library C:\Users\kayqu\.openjfx\cache\21-ea+null\amd64\api-ms-win-crt-stdio-l1-1-0.dll
Event: 0.574 Loaded shared library C:\Users\kayqu\.openjfx\cache\21-ea+null\amd64\api-ms-win-crt-string-l1-1-0.dll
Event: 0.578 Loaded shared library C:\Users\kayqu\.openjfx\cache\21-ea+null\amd64\api-ms-win-crt-time-l1-1-0.dll
Event: 0.581 Loaded shared library C:\Users\kayqu\.openjfx\cache\21-ea+null\amd64\api-ms-win-crt-utility-l1-1-0.dll
Event: 0.598 Loaded shared library C:\Users\kayqu\.openjfx\cache\21-ea+null\amd64\ucrtbase.dll
Event: 0.603 Loaded shared library C:\Users\kayqu\.openjfx\cache\21-ea+null\amd64\vcruntime140.dll
Event: 0.607 Loaded shared library C:\Users\kayqu\.openjfx\cache\21-ea+null\amd64\vcruntime140_1.dll
Event: 0.619 Loaded shared library C:\Users\kayqu\.openjfx\cache\21-ea+null\amd64\msvcp140.dll
Event: 0.623 Loaded shared library C:\Users\kayqu\.openjfx\cache\21-ea+null\amd64\msvcp140_1.dll
Event: 0.631 Loaded shared library C:\Users\kayqu\.openjfx\cache\21-ea+null\amd64\msvcp140_2.dll
Event: 0.686 Loaded shared library C:\Users\kayqu\.openjfx\cache\21-ea+null\amd64\prism_d3d.dll
Event: 0.740 Loaded shared library C:\Users\kayqu\.openjfx\cache\21-ea+null\amd64\glass.dll
Event: 0.850 Loaded shared library C:\Users\kayqu\.jdks\openjdk-22.0.1\bin\jimage.dll
Event: 1.372 Loaded shared library C:\Users\kayqu\.jdks\openjdk-22.0.1\bin\sunmscapi.dll
Event: 1.875 Loaded shared library C:\Users\kayqu\.openjfx\cache\21-ea+null\amd64\javafx_font.dll

Deoptimization events (20 events):
Event: 2.175 Thread 0x00000211f889f580 Uncommon trap: trap_request=0xffffffde fr.pc=0x00000211a59467cc relative=0x00000000000001ac
Event: 2.175 Thread 0x00000211f889f580 Uncommon trap: reason=class_check action=maybe_recompile pc=0x00000211a59467cc method=java.lang.String.equals(Ljava/lang/Object;)Z @ 8 c2
Event: 2.175 Thread 0x00000211f889f580 DEOPT PACKING pc=0x00000211a59467cc sp=0x00000072e3afd6a0
Event: 2.175 Thread 0x00000211f889f580 DEOPT UNPACKING pc=0x00000211a53746a2 sp=0x00000072e3afd638 mode 2
Event: 2.175 Thread 0x00000211f889f580 Uncommon trap: trap_request=0xffffffde fr.pc=0x00000211a59467cc relative=0x00000000000001ac
Event: 2.175 Thread 0x00000211f889f580 Uncommon trap: reason=class_check action=maybe_recompile pc=0x00000211a59467cc method=java.lang.String.equals(Ljava/lang/Object;)Z @ 8 c2
Event: 2.175 Thread 0x00000211f889f580 DEOPT PACKING pc=0x00000211a59467cc sp=0x00000072e3afd5b0
Event: 2.175 Thread 0x00000211f889f580 DEOPT UNPACKING pc=0x00000211a53746a2 sp=0x00000072e3afd548 mode 2
Event: 2.175 Thread 0x00000211f889f580 Uncommon trap: trap_request=0xffffffde fr.pc=0x00000211a59467cc relative=0x00000000000001ac
Event: 2.175 Thread 0x00000211f889f580 Uncommon trap: reason=class_check action=maybe_recompile pc=0x00000211a59467cc method=java.lang.String.equals(Ljava/lang/Object;)Z @ 8 c2
Event: 2.175 Thread 0x00000211f889f580 DEOPT PACKING pc=0x00000211a59467cc sp=0x00000072e3afd5b0
Event: 2.175 Thread 0x00000211f889f580 DEOPT UNPACKING pc=0x00000211a53746a2 sp=0x00000072e3afd548 mode 2
Event: 2.176 Thread 0x00000211f889f580 Uncommon trap: trap_request=0xffffffde fr.pc=0x00000211a59467cc relative=0x00000000000001ac
Event: 2.176 Thread 0x00000211f889f580 Uncommon trap: reason=class_check action=maybe_recompile pc=0x00000211a59467cc method=java.lang.String.equals(Ljava/lang/Object;)Z @ 8 c2
Event: 2.176 Thread 0x00000211f889f580 DEOPT PACKING pc=0x00000211a59467cc sp=0x00000072e3afd6a0
Event: 2.176 Thread 0x00000211f889f580 DEOPT UNPACKING pc=0x00000211a53746a2 sp=0x00000072e3afd638 mode 2
Event: 2.223 Thread 0x00000211f889f580 Uncommon trap: trap_request=0xffffff45 fr.pc=0x00000211a598aa98 relative=0x00000000000001f8
Event: 2.223 Thread 0x00000211f889f580 Uncommon trap: reason=unstable_if action=reinterpret pc=0x00000211a598aa98 method=java.io.ByteArrayInputStream.read()I @ 8 c2
Event: 2.223 Thread 0x00000211f889f580 DEOPT PACKING pc=0x00000211a598aa98 sp=0x00000072e3afc440
Event: 2.223 Thread 0x00000211f889f580 DEOPT UNPACKING pc=0x00000211a53746a2 sp=0x00000072e3afc3e8 mode 2

Classes loaded (20 events):
Event: 2.224 Loading class jdk/internal/icu/impl/Trie2_16
Event: 2.224 Loading class jdk/internal/icu/impl/Trie2
Event: 2.224 Loading class jdk/internal/icu/impl/Trie2 done
Event: 2.224 Loading class jdk/internal/icu/impl/Trie2_16 done
Event: 2.224 Loading class jdk/internal/icu/impl/Trie2$1
Event: 2.225 Loading class jdk/internal/icu/impl/Trie2$ValueMapper
Event: 2.225 Loading class jdk/internal/icu/impl/Trie2$ValueMapper done
Event: 2.225 Loading class jdk/internal/icu/impl/Trie2$1 done
Event: 2.225 Loading class jdk/internal/icu/impl/Trie2$UTrie2Header
Event: 2.225 Loading class jdk/internal/icu/impl/Trie2$UTrie2Header done
Event: 2.228 Loading class jdk/internal/icu/text/UTF16
Event: 2.228 Loading class jdk/internal/icu/text/UTF16 done
Event: 2.229 Loading class jdk/internal/icu/text/BidiLine
Event: 2.229 Loading class jdk/internal/icu/text/BidiLine done
Event: 2.261 Loading class java/util/WeakHashMap$EntrySet
Event: 2.261 Loading class java/util/WeakHashMap$EntrySet done
Event: 2.262 Loading class java/util/WeakHashMap$EntryIterator
Event: 2.262 Loading class java/util/WeakHashMap$EntryIterator done
Event: 2.264 Loading class java/util/ConcurrentModificationException
Event: 2.264 Loading class java/util/ConcurrentModificationException done

Classes unloaded (0 events):
No events

Classes redefined (0 events):
No events

Internal exceptions (20 events):
Event: 1.570 Thread 0x00000211f889f580 Exception <a 'sun/nio/fs/WindowsException'{0x000000008915d400}> (0x000000008915d400) 
thrown [s\open\src\hotspot\share\prims\jni.cpp, line 520]
Event: 1.714 Thread 0x00000211f889f580 Exception <a 'sun/nio/fs/WindowsException'{0x0000000088c8ecd0}> (0x0000000088c8ecd0) 
thrown [s\open\src\hotspot\share\prims\jni.cpp, line 520]
Event: 1.804 Thread 0x00000211f889f580 Exception <a 'java/lang/NoSuchMethodError'{0x00000000889d3ff8}: 'java.lang.Object java.lang.invoke.DirectMethodHandle$Holder.invokeStaticInit(java.lang.Object, java.lang.Object, java.lang.Object, java.lang.Object)'> (0x00000000889d3ff8) 
thrown [s\open\src\hotspot\share\interpreter\linkResolver.cpp, line 774]
Event: 1.805 Thread 0x00000211f889f580 Exception <a 'java/lang/NullPointerException'{0x00000000889e0da8}> (0x00000000889e0da8) 
thrown [s\open\src\hotspot\share\interpreter\linkResolver.cpp, line 1374]
Event: 1.844 Thread 0x00000211f889f580 Exception <a 'java/lang/ClassNotFoundException'{0x00000000886b42e0}: com/sun/glass/ui/win/themes> (0x00000000886b42e0) 
thrown [s\open\src\hotspot\share\prims\jni.cpp, line 539]
Event: 1.844 Thread 0x00000211f889f580 Exception <a 'java/lang/ClassNotFoundException'{0x00000000886bf550}: com/sun/glass/ui/win/themes_pt> (0x00000000886bf550) 
thrown [s\open\src\hotspot\share\prims\jni.cpp, line 539]
Event: 1.844 Thread 0x00000211f889f580 Exception <a 'java/lang/ClassNotFoundException'{0x00000000886c0370}: com/sun/glass/ui/win/themes_pt_BR> (0x00000000886c0370) 
thrown [s\open\src\hotspot\share\prims\jni.cpp, line 539]
Event: 1.963 Thread 0x00000211f889f580 Exception <a 'sun/nio/fs/WindowsException'{0x0000000087ce7b60}> (0x0000000087ce7b60) 
thrown [s\open\src\hotspot\share\prims\jni.cpp, line 520]
Event: 1.975 Thread 0x00000211f889f580 Exception <a 'java/lang/NoSuchMethodError'{0x0000000087b7ca70}: 'void java.lang.invoke.DirectMethodHandle$Holder.invokeSpecial(java.lang.Object, java.lang.Object, double)'> (0x0000000087b7ca70) 
thrown [s\open\src\hotspot\share\interpreter\linkResolver.cpp, line 774]
Event: 1.976 Thread 0x00000211f889f580 Exception <a 'java/lang/NoSuchMethodError'{0x0000000087b87878}: 'double java.lang.invoke.DelegatingMethodHandle$Holder.reinvoke_L(java.lang.Object, java.lang.Object, int)'> (0x0000000087b87878) 
thrown [s\open\src\hotspot\share\interpreter\linkResolver.cpp, line 774]
Event: 1.977 Thread 0x00000211f889f580 Exception <a 'java/lang/NoSuchMethodError'{0x0000000087b99548}: 'java.lang.Object java.lang.invoke.DirectMethodHandle$Holder.invokeStatic(java.lang.Object, java.lang.Object, java.lang.Object, java.lang.Object, int)'> (0x0000000087b99548) 
thrown [s\open\src\hotspot\share\interpreter\linkResolver.cpp, line 774]
Event: 1.978 Thread 0x00000211f889f580 Exception <a 'java/lang/NoSuchMethodError'{0x0000000087ba4948}: 'void java.lang.invoke.DelegatingMethodHandle$Holder.reinvoke_L(java.lang.Object, java.lang.Object, double)'> (0x0000000087ba4948) 
thrown [s\open\src\hotspot\share\interpreter\linkResolver.cpp, line 774]
Event: 1.993 Thread 0x00000211f889f580 Exception <a 'java/lang/NoSuchMethodError'{0x0000000087a1df00}: 'void java.lang.invoke.DirectMethodHandle$Holder.invokeSpecial(java.lang.Object, java.lang.Object, int)'> (0x0000000087a1df00) 
thrown [s\open\src\hotspot\share\interpreter\linkResolver.cpp, line 774]
Event: 1.994 Thread 0x00000211f889f580 Exception <a 'java/lang/NoSuchMethodError'{0x0000000087a21c98}: 'int java.lang.invoke.DirectMethodHandle$Holder.invokeSpecial(java.lang.Object, java.lang.Object, java.lang.Object, int)'> (0x0000000087a21c98) 
thrown [s\open\src\hotspot\share\interpreter\linkResolver.cpp, line 774]
Event: 1.994 Thread 0x00000211f889f580 Exception <a 'java/lang/NoSuchMethodError'{0x0000000087a2bc80}: 'void java.lang.invoke.DelegatingMethodHandle$Holder.reinvoke_L(java.lang.Object, java.lang.Object, int)'> (0x0000000087a2bc80) 
thrown [s\open\src\hotspot\share\interpreter\linkResolver.cpp, line 774]
Event: 1.994 Thread 0x00000211f889f580 Exception <a 'java/lang/NoSuchMethodError'{0x0000000087a2f758}: 'int java.lang.invoke.DirectMethodHandle$Holder.invokeSpecial(java.lang.Object, java.lang.Object, java.lang.Object)'> (0x0000000087a2f758) 
thrown [s\open\src\hotspot\share\interpreter\linkResolver.cpp, line 774]
Event: 2.194 Thread 0x00000211f889f580 Exception <a 'java/lang/IncompatibleClassChangeError'{0x00000000895fc2a8}: Found class java.lang.Object, but interface was expected> (0x00000000895fc2a8) 
thrown [s\open\src\hotspot\share\interpreter\linkResolver.cpp, line 841]
Event: 2.231 Thread 0x00000211f889f580 Exception <a 'java/lang/NoSuchMethodError'{0x0000000089352360}: 'int java.lang.invoke.DirectMethodHandle$Holder.invokeSpecial(java.lang.Object, java.lang.Object, int)'> (0x0000000089352360) 
thrown [s\open\src\hotspot\share\interpreter\linkResolver.cpp, line 774]
Event: 2.244 Thread 0x00000211f889f580 Exception <a 'java/lang/NoSuchMethodError'{0x00000000893d69e0}: 'java.lang.Object java.lang.invoke.DirectMethodHandle$Holder.newInvokeSpecial(java.lang.Object, java.lang.Object, int)'> (0x00000000893d69e0) 
thrown [s\open\src\hotspot\share\interpreter\linkResolver.cpp, line 774]
Event: 2.281 Thread 0x00000211f883c110 Exception <a 'java/lang/NoSuchMethodError'{0x00000000892eff30}: 'int java.lang.invoke.DirectMethodHandle$Holder.invokeStaticInit(java.lang.Object, java.lang.Object)'> (0x00000000892eff30) 
thrown [s\open\src\hotspot\share\interpreter\linkResolver.cpp, line 774]

ZGC Phase Switch (0 events):
No events

VM Operations (20 events):
Event: 0.941 Executing VM operation: HandshakeAllThreads (Deoptimize)
Event: 0.941 Executing VM operation: HandshakeAllThreads (Deoptimize) done
Event: 0.964 Executing VM operation: HandshakeAllThreads (Deoptimize)
Event: 0.964 Executing VM operation: HandshakeAllThreads (Deoptimize) done
Event: 1.172 Executing VM operation: HandshakeAllThreads (Deoptimize)
Event: 1.172 Executing VM operation: HandshakeAllThreads (Deoptimize) done
Event: 1.247 Executing VM operation: HandshakeAllThreads (Deoptimize)
Event: 1.247 Executing VM operation: HandshakeAllThreads (Deoptimize) done
Event: 1.280 Executing VM operation: HandshakeAllThreads (Deoptimize)
Event: 1.280 Executing VM operation: HandshakeAllThreads (Deoptimize) done
Event: 1.458 Executing VM operation: ICBufferFull
Event: 1.458 Executing VM operation: ICBufferFull done
Event: 1.558 Executing VM operation: HandshakeAllThreads (Deoptimize)
Event: 1.558 Executing VM operation: HandshakeAllThreads (Deoptimize) done
Event: 1.763 Executing VM operation: HandshakeAllThreads (Deoptimize)
Event: 1.763 Executing VM operation: HandshakeAllThreads (Deoptimize) done
Event: 2.062 Executing VM operation: G1CollectForAllocation (G1 Evacuation Pause)
Event: 2.071 Executing VM operation: G1CollectForAllocation (G1 Evacuation Pause) done
Event: 2.292 Executing VM operation: CollectForMetadataAllocation (Metadata GC Threshold)
Event: 2.297 Executing VM operation: CollectForMetadataAllocation (Metadata GC Threshold) done

Events (20 events):
Event: 0.041 Thread 0x00000211b22b0e20 Thread added: 0x00000211b22b0e20
Event: 0.041 Thread 0x00000211b22b21d0 Thread added: 0x00000211b22b21d0
Event: 0.041 Thread 0x00000211b22b8dc0 Thread added: 0x00000211b22b8dc0
Event: 0.041 Thread 0x00000211b22bc1d0 Thread added: 0x00000211b22bc1d0
Event: 0.073 Thread 0x00000211b24d9090 Thread added: 0x00000211b24d9090
Event: 0.166 Thread 0x00000211b25dcb70 Thread added: 0x00000211b25dcb70
Event: 0.168 Thread 0x00000211b25dd230 Thread added: 0x00000211b25dd230
Event: 0.247 Thread 0x00000211f8585a40 Thread added: 0x00000211f8585a40
Event: 0.247 Thread 0x00000211b26008d0 Thread added: 0x00000211b26008d0
Event: 0.676 Thread 0x00000211f883c110 Thread added: 0x00000211f883c110
Event: 0.743 Thread 0x00000211f8876880 Thread added: 0x00000211f8876880
Event: 0.747 Thread 0x00000211f889f580 Thread added: 0x00000211f889f580
Event: 0.825 Thread 0x00000211b25dd230 Thread exited: 0x00000211b25dd230
Event: 0.825 Thread 0x00000211b25dcb70 Thread exited: 0x00000211b25dcb70
Event: 0.843 Thread 0x00000211f8a9d4b0 Thread added: 0x00000211f8a9d4b0
Event: 0.855 Thread 0x00000211f8b167c0 Thread added: 0x00000211f8b167c0
Event: 0.895 Thread 0x00000211f8ac9310 Thread added: 0x00000211f8ac9310
Event: 1.155 Thread 0x00000211f8ccc1a0 Thread added: 0x00000211f8ccc1a0
Event: 1.472 Thread 0x00000211f90fb010 Thread added: 0x00000211f90fb010
Event: 2.188 Thread 0x00000211f91f5e70 Thread added: 0x00000211f91f5e70


Dynamic libraries:
0x00007ff7fcd50000 - 0x00007ff7fcd5e000 	C:\Users\kayqu\.jdks\openjdk-22.0.1\bin\java.exe
0x00007ffc757f0000 - 0x00007ffc759e8000 	C:\WINDOWS\SYSTEM32\ntdll.dll
0x00007ffc749f0000 - 0x00007ffc74ab1000 	C:\WINDOWS\System32\KERNEL32.DLL
0x00007ffc731d0000 - 0x00007ffc734cd000 	C:\WINDOWS\System32\KERNELBASE.dll
0x00007ffc72ea0000 - 0x00007ffc72fa0000 	C:\WINDOWS\System32\ucrtbase.dll
0x00007ffc6a920000 - 0x00007ffc6a937000 	C:\Users\kayqu\.jdks\openjdk-22.0.1\bin\jli.dll
0x00007ffc681f0000 - 0x00007ffc6820b000 	C:\Users\kayqu\.jdks\openjdk-22.0.1\bin\VCRUNTIME140.dll
0x00007ffc74c30000 - 0x00007ffc74dcd000 	C:\WINDOWS\System32\USER32.dll
0x00007ffc731a0000 - 0x00007ffc731c2000 	C:\WINDOWS\System32\win32u.dll
0x00007ffc5cf80000 - 0x00007ffc5d21a000 	C:\WINDOWS\WinSxS\amd64_microsoft.windows.common-controls_6595b64144ccf1df_6.0.19041.4355_none_60b8b9eb71f62e16\COMCTL32.dll
0x00007ffc74ba0000 - 0x00007ffc74bcb000 	C:\WINDOWS\System32\GDI32.dll
0x00007ffc73820000 - 0x00007ffc738be000 	C:\WINDOWS\System32\msvcrt.dll
0x00007ffc73700000 - 0x00007ffc73817000 	C:\WINDOWS\System32\gdi32full.dll
0x00007ffc72fa0000 - 0x00007ffc7303d000 	C:\WINDOWS\System32\msvcp_win.dll
0x00007ffc75780000 - 0x00007ffc757af000 	C:\WINDOWS\System32\IMM32.DLL
0x00007ffc6f410000 - 0x00007ffc6f41c000 	C:\Users\kayqu\.jdks\openjdk-22.0.1\bin\vcruntime140_1.dll
0x00007ffc4f1d0000 - 0x00007ffc4f25e000 	C:\Users\kayqu\.jdks\openjdk-22.0.1\bin\msvcp140.dll
0x00007ffc1a800000 - 0x00007ffc1b547000 	C:\Users\kayqu\.jdks\openjdk-22.0.1\bin\server\jvm.dll
0x00007ffc74940000 - 0x00007ffc749f0000 	C:\WINDOWS\System32\ADVAPI32.dll
0x00007ffc740e0000 - 0x00007ffc74180000 	C:\WINDOWS\System32\sechost.dll
0x00007ffc75170000 - 0x00007ffc75293000 	C:\WINDOWS\System32\RPCRT4.dll
0x00007ffc736d0000 - 0x00007ffc736f7000 	C:\WINDOWS\System32\bcrypt.dll
0x00007ffc74e90000 - 0x00007ffc74efb000 	C:\WINDOWS\System32\WS2_32.dll
0x00007ffc72420000 - 0x00007ffc7246b000 	C:\WINDOWS\SYSTEM32\POWRPROF.dll
0x00007ffc65f70000 - 0x00007ffc65f97000 	C:\WINDOWS\SYSTEM32\WINMM.dll
0x00007ffc6b220000 - 0x00007ffc6b22a000 	C:\WINDOWS\SYSTEM32\VERSION.dll
0x00007ffc72290000 - 0x00007ffc722a2000 	C:\WINDOWS\SYSTEM32\UMPDC.dll
0x00007ffc716b0000 - 0x00007ffc716c2000 	C:\WINDOWS\SYSTEM32\kernel.appcore.dll
0x00007ffc6c9e0000 - 0x00007ffc6c9ea000 	C:\Users\kayqu\.jdks\openjdk-22.0.1\bin\jimage.dll
0x00007ffc70c20000 - 0x00007ffc70e04000 	C:\WINDOWS\SYSTEM32\DBGHELP.DLL
0x00007ffc5aba0000 - 0x00007ffc5abd4000 	C:\WINDOWS\SYSTEM32\dbgcore.DLL
0x00007ffc735f0000 - 0x00007ffc73672000 	C:\WINDOWS\System32\bcryptPrimitives.dll
0x00007ffc6a910000 - 0x00007ffc6a91f000 	C:\Users\kayqu\.jdks\openjdk-22.0.1\bin\instrument.dll
0x00007ffc5d770000 - 0x00007ffc5d78e000 	C:\Users\kayqu\.jdks\openjdk-22.0.1\bin\java.dll
0x00007ffc738c0000 - 0x00007ffc7402f000 	C:\WINDOWS\System32\SHELL32.dll
0x00007ffc74660000 - 0x00007ffc7478b000 	C:\WINDOWS\System32\ole32.dll
0x00007ffc75330000 - 0x00007ffc75683000 	C:\WINDOWS\System32\combase.dll
0x00007ffc70e10000 - 0x00007ffc715af000 	C:\WINDOWS\SYSTEM32\windows.storage.dll
0x00007ffc728c0000 - 0x00007ffc728ee000 	C:\WINDOWS\SYSTEM32\Wldp.dll
0x00007ffc75080000 - 0x00007ffc7514d000 	C:\WINDOWS\System32\OLEAUT32.dll
0x00007ffc74030000 - 0x00007ffc740dd000 	C:\WINDOWS\System32\SHCORE.dll
0x00007ffc74f00000 - 0x00007ffc74f55000 	C:\WINDOWS\System32\shlwapi.dll
0x00007ffc72dd0000 - 0x00007ffc72df4000 	C:\WINDOWS\SYSTEM32\profapi.dll
0x00007ffc41fa0000 - 0x00007ffc42077000 	C:\Users\kayqu\.jdks\openjdk-22.0.1\bin\jsvml.dll
0x00007ffc6be60000 - 0x00007ffc6be70000 	C:\Users\kayqu\.jdks\openjdk-22.0.1\bin\net.dll
0x00007ffc72620000 - 0x00007ffc7268a000 	C:\WINDOWS\system32\mswsock.dll
0x00007ffc5d750000 - 0x00007ffc5d766000 	C:\Users\kayqu\.jdks\openjdk-22.0.1\bin\nio.dll
0x00007ffc5d650000 - 0x00007ffc5d667000 	C:\Users\kayqu\.jdks\openjdk-22.0.1\bin\zip.dll
0x00007ffc5d630000 - 0x00007ffc5d64a000 	C:\Program Files\JetBrains\IntelliJ IDEA 2024.1\bin\breakgen64.dll
0x0000021195a60000 - 0x0000021195a63000 	C:\Users\kayqu\.openjfx\cache\21-ea+null\amd64\api-ms-win-core-console-l1-1-0.dll
0x00000211b2820000 - 0x00000211b2823000 	C:\Users\kayqu\.openjfx\cache\21-ea+null\amd64\api-ms-win-core-console-l1-2-0.dll
0x00000211b2830000 - 0x00000211b2833000 	C:\Users\kayqu\.openjfx\cache\21-ea+null\amd64\api-ms-win-core-datetime-l1-1-0.dll
0x00000211b2840000 - 0x00000211b2843000 	C:\Users\kayqu\.openjfx\cache\21-ea+null\amd64\api-ms-win-core-debug-l1-1-0.dll
0x00000211b2850000 - 0x00000211b2853000 	C:\Users\kayqu\.openjfx\cache\21-ea+null\amd64\api-ms-win-core-errorhandling-l1-1-0.dll
0x00000211b2860000 - 0x00000211b2864000 	C:\Users\kayqu\.openjfx\cache\21-ea+null\amd64\api-ms-win-core-file-l1-1-0.dll
0x00000211b2870000 - 0x00000211b2873000 	C:\Users\kayqu\.openjfx\cache\21-ea+null\amd64\api-ms-win-core-file-l1-2-0.dll
0x00000211b2880000 - 0x00000211b2883000 	C:\Users\kayqu\.openjfx\cache\21-ea+null\amd64\api-ms-win-core-file-l2-1-0.dll
0x00000211b2890000 - 0x00000211b2893000 	C:\Users\kayqu\.openjfx\cache\21-ea+null\amd64\api-ms-win-core-handle-l1-1-0.dll
0x00000211b28a0000 - 0x00000211b28a3000 	C:\Users\kayqu\.openjfx\cache\21-ea+null\amd64\api-ms-win-core-heap-l1-1-0.dll
0x00000211b28b0000 - 0x00000211b28b3000 	C:\Users\kayqu\.openjfx\cache\21-ea+null\amd64\api-ms-win-core-interlocked-l1-1-0.dll
0x00000211b28c0000 - 0x00000211b28c3000 	C:\Users\kayqu\.openjfx\cache\21-ea+null\amd64\api-ms-win-core-libraryloader-l1-1-0.dll
0x00000211b28d0000 - 0x00000211b28d3000 	C:\Users\kayqu\.openjfx\cache\21-ea+null\amd64\api-ms-win-core-localization-l1-2-0.dll
0x00000211b28e0000 - 0x00000211b28e3000 	C:\Users\kayqu\.openjfx\cache\21-ea+null\amd64\api-ms-win-core-memory-l1-1-0.dll
0x00000211b28f0000 - 0x00000211b28f3000 	C:\Users\kayqu\.openjfx\cache\21-ea+null\amd64\api-ms-win-core-namedpipe-l1-1-0.dll
0x00000211b2900000 - 0x00000211b2903000 	C:\Users\kayqu\.openjfx\cache\21-ea+null\amd64\api-ms-win-core-processenvironment-l1-1-0.dll
0x00000211b2910000 - 0x00000211b2913000 	C:\Users\kayqu\.openjfx\cache\21-ea+null\amd64\api-ms-win-core-processthreads-l1-1-0.dll
0x00000211b2920000 - 0x00000211b2923000 	C:\Users\kayqu\.openjfx\cache\21-ea+null\amd64\api-ms-win-core-processthreads-l1-1-1.dll
0x00000211b2930000 - 0x00000211b2933000 	C:\Users\kayqu\.openjfx\cache\21-ea+null\amd64\api-ms-win-core-profile-l1-1-0.dll
0x00000211b2940000 - 0x00000211b2943000 	C:\Users\kayqu\.openjfx\cache\21-ea+null\amd64\api-ms-win-core-rtlsupport-l1-1-0.dll
0x00000211b2950000 - 0x00000211b2953000 	C:\Users\kayqu\.openjfx\cache\21-ea+null\amd64\api-ms-win-core-string-l1-1-0.dll
0x00000211b2960000 - 0x00000211b2963000 	C:\Users\kayqu\.openjfx\cache\21-ea+null\amd64\api-ms-win-core-synch-l1-1-0.dll
0x00000211b2970000 - 0x00000211b2973000 	C:\Users\kayqu\.openjfx\cache\21-ea+null\amd64\api-ms-win-core-synch-l1-2-0.dll
0x00000211b2980000 - 0x00000211b2983000 	C:\Users\kayqu\.openjfx\cache\21-ea+null\amd64\api-ms-win-core-sysinfo-l1-1-0.dll
0x00000211b2990000 - 0x00000211b2993000 	C:\Users\kayqu\.openjfx\cache\21-ea+null\amd64\api-ms-win-core-timezone-l1-1-0.dll
0x00000211b29a0000 - 0x00000211b29a3000 	C:\Users\kayqu\.openjfx\cache\21-ea+null\amd64\api-ms-win-core-util-l1-1-0.dll
0x00000211b29b0000 - 0x00000211b29b3000 	C:\Users\kayqu\.openjfx\cache\21-ea+null\amd64\api-ms-win-crt-conio-l1-1-0.dll
0x00000211b29c0000 - 0x00000211b29c4000 	C:\Users\kayqu\.openjfx\cache\21-ea+null\amd64\api-ms-win-crt-convert-l1-1-0.dll
0x00000211b29d0000 - 0x00000211b29d3000 	C:\Users\kayqu\.openjfx\cache\21-ea+null\amd64\api-ms-win-crt-environment-l1-1-0.dll
0x00000211b29e0000 - 0x00000211b29e3000 	C:\Users\kayqu\.openjfx\cache\21-ea+null\amd64\api-ms-win-crt-filesystem-l1-1-0.dll
0x00000211b29f0000 - 0x00000211b29f3000 	C:\Users\kayqu\.openjfx\cache\21-ea+null\amd64\api-ms-win-crt-heap-l1-1-0.dll
0x00000211b2a00000 - 0x00000211b2a03000 	C:\Users\kayqu\.openjfx\cache\21-ea+null\amd64\api-ms-win-crt-locale-l1-1-0.dll
0x00000211b2a10000 - 0x00000211b2a15000 	C:\Users\kayqu\.openjfx\cache\21-ea+null\amd64\api-ms-win-crt-math-l1-1-0.dll
0x00000211b2a20000 - 0x00000211b2a25000 	C:\Users\kayqu\.openjfx\cache\21-ea+null\amd64\api-ms-win-crt-multibyte-l1-1-0.dll
0x00000211b2a30000 - 0x00000211b2a40000 	C:\Users\kayqu\.openjfx\cache\21-ea+null\amd64\api-ms-win-crt-private-l1-1-0.dll
0x00000211b2a40000 - 0x00000211b2a43000 	C:\Users\kayqu\.openjfx\cache\21-ea+null\amd64\api-ms-win-crt-process-l1-1-0.dll
0x00000211b2a50000 - 0x00000211b2a54000 	C:\Users\kayqu\.openjfx\cache\21-ea+null\amd64\api-ms-win-crt-runtime-l1-1-0.dll
0x00000211b2a60000 - 0x00000211b2a64000 	C:\Users\kayqu\.openjfx\cache\21-ea+null\amd64\api-ms-win-crt-stdio-l1-1-0.dll
0x00000211b2a70000 - 0x00000211b2a74000 	C:\Users\kayqu\.openjfx\cache\21-ea+null\amd64\api-ms-win-crt-string-l1-1-0.dll
0x00000211b2a80000 - 0x00000211b2a83000 	C:\Users\kayqu\.openjfx\cache\21-ea+null\amd64\api-ms-win-crt-time-l1-1-0.dll
0x00000211b2a90000 - 0x00000211b2a93000 	C:\Users\kayqu\.openjfx\cache\21-ea+null\amd64\api-ms-win-crt-utility-l1-1-0.dll
0x00007ffc41ea0000 - 0x00007ffc41f9c000 	C:\Users\kayqu\.openjfx\cache\21-ea+null\amd64\ucrtbase.dll
0x00007ffc59e40000 - 0x00007ffc59e5b000 	C:\Users\kayqu\.openjfx\cache\21-ea+null\amd64\vcruntime140.dll
0x00007ffc5d3d0000 - 0x00007ffc5d3dc000 	C:\Users\kayqu\.openjfx\cache\21-ea+null\amd64\vcruntime140_1.dll
0x00007ffc46d10000 - 0x00007ffc46d9e000 	C:\Users\kayqu\.openjfx\cache\21-ea+null\amd64\msvcp140.dll
0x00007ffc5c4d0000 - 0x00007ffc5c4d9000 	C:\Users\kayqu\.openjfx\cache\21-ea+null\amd64\msvcp140_1.dll
0x00007ffc586b0000 - 0x00007ffc586df000 	C:\Users\kayqu\.openjfx\cache\21-ea+null\amd64\msvcp140_2.dll
0x00007ffc57d20000 - 0x00007ffc57d4f000 	C:\Users\kayqu\.openjfx\cache\21-ea+null\amd64\prism_d3d.dll
0x00007ffc685c0000 - 0x00007ffc68790000 	C:\WINDOWS\system32\d3d9.dll
0x00007ffc70870000 - 0x00007ffc7089f000 	C:\WINDOWS\SYSTEM32\dwmapi.dll
0x00007ffc70360000 - 0x00007ffc703fe000 	C:\WINDOWS\system32\uxtheme.dll
0x00007ffc326f0000 - 0x00007ffc32855000 	C:\WINDOWS\System32\DriverStore\FileRepository\iigd_dch.inf_amd64_e6980897e3126266\igdumdim64.dll
0x00007ffbfee90000 - 0x00007ffc02b1b000 	C:\WINDOWS\System32\DriverStore\FileRepository\iigd_dch.inf_amd64_e6980897e3126266\igd9dxva64.dll
0x00007ffc741e0000 - 0x00007ffc7464e000 	C:\WINDOWS\System32\SETUPAPI.dll
0x00007ffc73680000 - 0x00007ffc736ce000 	C:\WINDOWS\System32\cfgmgr32.dll
0x00007ffc626c0000 - 0x00007ffc629f6000 	C:\WINDOWS\System32\DriverStore\FileRepository\iigd_dch.inf_amd64_e6980897e3126266\igdgmm64.dll
0x00007ffc42af0000 - 0x00007ffc42b32000 	C:\Users\kayqu\.openjfx\cache\21-ea+null\amd64\glass.dll
0x00007ffc74ac0000 - 0x00007ffc74b9a000 	C:\WINDOWS\System32\COMDLG32.dll
0x00007ffc74f60000 - 0x00007ffc75074000 	C:\WINDOWS\System32\MSCTF.dll
0x00007ffc4a550000 - 0x00007ffc4a577000 	C:\WINDOWS\System32\DriverStore\FileRepository\iigd_dch.inf_amd64_e6980897e3126266\igdinfo64.dll
0x00007ffc72810000 - 0x00007ffc72828000 	C:\WINDOWS\SYSTEM32\CRYPTSP.dll
0x00007ffc71ed0000 - 0x00007ffc71f04000 	C:\WINDOWS\system32\rsaenh.dll
0x00007ffc72830000 - 0x00007ffc7283c000 	C:\WINDOWS\SYSTEM32\CRYPTBASE.dll
0x00007ffc5de70000 - 0x00007ffc60bff000 	C:\WINDOWS\System32\DriverStore\FileRepository\iigd_dch.inf_amd64_e6980897e3126266\igc64.dll
0x00007ffc643b0000 - 0x00007ffc643eb000 	C:\WINDOWS\SYSTEM32\dxcore.dll
0x00007ffc72300000 - 0x00007ffc723ca000 	C:\WINDOWS\SYSTEM32\DNSAPI.dll
0x00007ffc722b0000 - 0x00007ffc722eb000 	C:\WINDOWS\SYSTEM32\IPHLPAPI.DLL
0x00007ffc75320000 - 0x00007ffc75328000 	C:\WINDOWS\System32\NSI.dll
0x00007ffc69ce0000 - 0x00007ffc69cea000 	C:\Windows\System32\rasadhlp.dll
0x00007ffc642f0000 - 0x00007ffc64370000 	C:\WINDOWS\System32\fwpuclnt.dll
0x00007ffc72d80000 - 0x00007ffc72dae000 	C:\WINDOWS\SYSTEM32\USERENV.dll
0x00007ffc68d70000 - 0x00007ffc68d7e000 	C:\Users\kayqu\.jdks\openjdk-22.0.1\bin\sunmscapi.dll
0x00007ffc73040000 - 0x00007ffc7319e000 	C:\WINDOWS\System32\CRYPT32.dll
0x00007ffc72930000 - 0x00007ffc72959000 	C:\WINDOWS\SYSTEM32\ncrypt.dll
0x00007ffc728f0000 - 0x00007ffc7292b000 	C:\WINDOWS\SYSTEM32\NTASN1.dll
0x00007ffc57d00000 - 0x00007ffc57d14000 	C:\Users\kayqu\.openjfx\cache\21-ea+null\amd64\javafx_font.dll
0x00007ffc4c800000 - 0x00007ffc4ca7f000 	C:\WINDOWS\SYSTEM32\dwrite.dll
0x00007ffc74de0000 - 0x00007ffc74e89000 	C:\WINDOWS\System32\clbcatq.dll
0x00007ffc70110000 - 0x00007ffc702c6000 	C:\WINDOWS\SYSTEM32\WindowsCodecs.dll

dbghelp: loaded successfully - version: 4.0.5 - missing functions: none
symbol engine: initialized successfully - sym options: 0x614 - pdb path: .;C:\Users\kayqu\.jdks\openjdk-22.0.1\bin;C:\WINDOWS\SYSTEM32;C:\WINDOWS\WinSxS\amd64_microsoft.windows.common-controls_6595b64144ccf1df_6.0.19041.4355_none_60b8b9eb71f62e16;C:\Users\kayqu\.jdks\openjdk-22.0.1\bin\server;C:\Program Files\JetBrains\IntelliJ IDEA 2024.1\bin;C:\Users\kayqu\.openjfx\cache\21-ea+null\amd64;C:\WINDOWS\System32\DriverStore\FileRepository\iigd_dch.inf_amd64_e6980897e3126266;C:\Program Files\Common Files\Microsoft Shared\Ink

VM Arguments:
jvm_args: -javaagent:C:\Program Files\JetBrains\IntelliJ IDEA 2024.1\lib\idea_rt.jar=57380:C:\Program Files\JetBrains\IntelliJ IDEA 2024.1\bin -Dfile.encoding=UTF-8 -Dsun.stdout.encoding=UTF-8 -Dsun.stderr.encoding=UTF-8 --module-path=C:\Users\kayqu\OneDrive\Área de Trabalho\Sistema-Ingressos-JavaFX-main\Sistema-Ingressos-JavaFX-main\target\classes;C:\Users\kayqu\.m2\repository\org\openjfx\javafx-base\21-ea+24\javafx-base-21-ea+24-win.jar;C:\Users\kayqu\.m2\repository\org\openjfx\javafx-fxml\21-ea+24\javafx-fxml-21-ea+24-win.jar;C:\Users\kayqu\.m2\repository\org\openjfx\javafx-controls\21-ea+24\javafx-controls-21-ea+24-win.jar;C:\Users\kayqu\.m2\repository\org\openjfx\javafx-graphics\21-ea+24\javafx-graphics-21-ea+24-win.jar -Djdk.module.main=com.example.sistemaingressos 
java_command: com.example.sistemaingressos/com.example.sistemaingressos.MainApplication
java_class_path (initial): C:\Users\kayqu\.m2\repository\org\openjfx\javafx-controls\21-ea+24\javafx-controls-21-ea+24.jar;C:\Users\kayqu\.m2\repository\org\openjfx\javafx-graphics\21-ea+24\javafx-graphics-21-ea+24.jar;C:\Users\kayqu\.m2\repository\org\openjfx\javafx-base\21-ea+24\javafx-base-21-ea+24.jar;C:\Users\kayqu\.m2\repository\org\openjfx\javafx-fxml\21-ea+24\javafx-fxml-21-ea+24.jar;C:\Users\kayqu\.m2\repository\com\mysql\mysql-connector-j\8.0.33\mysql-connector-j-8.0.33.jar;C:\Users\kayqu\.m2\repository\com\google\protobuf\protobuf-java\3.21.9\protobuf-java-3.21.9.jar
Launcher Type: SUN_STANDARD

[Global flags]
     intx CICompilerCount                          = 4                                         {product} {ergonomic}
     uint ConcGCThreads                            = 2                                         {product} {ergonomic}
     uint G1ConcRefinementThreads                  = 8                                         {product} {ergonomic}
   size_t G1HeapRegionSize                         = 1048576                                   {product} {ergonomic}
   size_t InitialHeapSize                          = 132120576                                 {product} {ergonomic}
   size_t MarkStackSize                            = 4194304                                   {product} {ergonomic}
   size_t MaxHeapSize                              = 2113929216                                {product} {ergonomic}
   size_t MaxNewSize                               = 1267728384                                {product} {ergonomic}
   size_t MinHeapDeltaBytes                        = 1048576                                   {product} {ergonomic}
   size_t MinHeapSize                              = 8388608                                   {product} {ergonomic}
    uintx NonNMethodCodeHeapSize                   = 5839372                                {pd product} {ergonomic}
    uintx NonProfiledCodeHeapSize                  = 122909434                              {pd product} {ergonomic}
    uintx ProfiledCodeHeapSize                     = 122909434                              {pd product} {ergonomic}
    uintx ReservedCodeCacheSize                    = 251658240                              {pd product} {ergonomic}
     bool SegmentedCodeCache                       = true                                      {product} {ergonomic}
   size_t SoftMaxHeapSize                          = 2113929216                             {manageable} {ergonomic}
     bool UseCompressedOops                        = true                           {product lp64_product} {ergonomic}
     bool UseG1GC                                  = true                                      {product} {ergonomic}
     bool UseLargePagesIndividualAllocation        = false                                  {pd product} {ergonomic}

Logging:
Log output configuration:
 #0: stdout all=warning uptime,level,tags foldmultilines=false
 #1: stderr all=off uptime,level,tags foldmultilines=false

Environment Variables:
PATH=C:\Users\kayqu\AppData\Local\Programs\Python\Python312\Scripts;C:\Program Files\Eclipse Adoptium\jdk-11.0.21.9-hotspot\bin;C:\Program Files (x86)\Common Files\Oracle\Java\javapath;C:\MinGW\bin;C:\WINDOWS\system32;C:\WINDOWS;C:\WINDOWS\System32\Wbem;C:\WINDOWS\System32\WindowsPowerShell\v1.0\;C:\WINDOWS\System32\OpenSSH\;C:\Program Files (x86)\NVIDIA Corporation\PhysX\Common;C:\Program Files\NVIDIA Corporation\NVIDIA NvDLISR;C:\Program Files\Git\cmd;C:\Users\kayqu\AppData\Local\Programs\Python\Launcher\;C:\MinGW\bin;C:\Users\kayqu\AppData\Local\Microsoft\WindowsApps;C:\Users\kayqu\AppData\Local\Programs\Microsoft VS Code\bin;
USERNAME=kayqu
OS=Windows_NT
PROCESSOR_IDENTIFIER=Intel64 Family 6 Model 165 Stepping 2, GenuineIntel
TMP=C:\Users\kayqu\AppData\Local\Temp
TEMP=C:\Users\kayqu\AppData\Local\Temp




Periodic native trim disabled

---------------  S Y S T E M  ---------------

OS:
 Windows 10 , 64 bit Build 19041 (10.0.19041.4717)
OS uptime: 8 days 12:25 hours

CPU: total 8 (initial active 8) (4 cores per cpu, 2 threads per core) family 6 model 165 stepping 2 microcode 0xe2, cx8, cmov, fxsr, ht, mmx, 3dnowpref, sse, sse2, sse3, ssse3, sse4.1, sse4.2, popcnt, lzcnt, tsc, tscinvbit, avx, avx2, aes, erms, clmul, bmi1, bmi2, adx, fma, vzeroupper, clflush, clflushopt, rdtscp, f16c, pku
Processor Information for all 8 processors :
  Max Mhz: 2496, Current Mhz: 2496, Mhz Limit: 2496

Memory: 4k page, system-wide physical 8060M (2127M free)
TotalPageFile size 18101M (AvailPageFile size 9639M)
current process WorkingSet (physical memory assigned to process): 200M, peak: 200M
current process commit charge ("private bytes"): 306M, peak: 306M

vm_info: OpenJDK 64-Bit Server VM (22.0.1+8-16) for windows-amd64 JRE (22.0.1+8-16), built on 2024-03-12T10:33:16Z by "mach5one" with MS VC++ 17.6 (VS2022)

END.
